2024-04-10 15:47:30,767 [Worker-6: Loading available Gradle versions] INFO  o.e.b.c.i.u.g.PublishedGradleVersions - Gradle version information cache is not available. Remote download required.
2024-04-10 15:49:13,466 [Worker-21: Launching mavenrun-34113eca-adc1-44d8-b92d-82e984e8c1ec] INFO  o.eclipse.m2e.core.internal.Bundles - getClasspathEntries(Bundle=org.eclipse.m2e.maven.runtime_3.9.600.20231203-1234 [637])
2024-04-10 15:49:13,473 [Worker-21: Launching mavenrun-34113eca-adc1-44d8-b92d-82e984e8c1ec] INFO  o.eclipse.m2e.core.internal.Bundles - 	Entry: C:\Users\rishikesh.kulkarni\.p2\pool\plugins\org.eclipse.m2e.maven.runtime_3.9.600.20231203-1234
2024-04-10 15:49:13,474 [Worker-21: Launching mavenrun-34113eca-adc1-44d8-b92d-82e984e8c1ec] INFO  o.eclipse.m2e.core.internal.Bundles - 	Entry: C:\Users\rishikesh.kulkarni\.p2\pool\plugins\org.eclipse.m2e.maven.runtime_3.9.600.20231203-1234\jars\aopalliance-1.0.jar
2024-04-10 15:49:13,476 [Worker-21: Launching mavenrun-34113eca-adc1-44d8-b92d-82e984e8c1ec] INFO  o.eclipse.m2e.core.internal.Bundles - 	Entry: C:\Users\rishikesh.kulkarni\.p2\pool\plugins\org.eclipse.m2e.maven.runtime_3.9.600.20231203-1234\jars\guice-5.1.0.jar
2024-04-10 15:49:13,477 [Worker-21: Launching mavenrun-34113eca-adc1-44d8-b92d-82e984e8c1ec] INFO  o.eclipse.m2e.core.internal.Bundles - 	Entry: C:\Users\rishikesh.kulkarni\.p2\pool\plugins\org.eclipse.m2e.maven.runtime_3.9.600.20231203-1234\jars\httpclient-4.5.14.jar
2024-04-10 15:49:13,478 [Worker-21: Launching mavenrun-34113eca-adc1-44d8-b92d-82e984e8c1ec] INFO  o.eclipse.m2e.core.internal.Bundles - 	Entry: C:\Users\rishikesh.kulkarni\.p2\pool\plugins\org.eclipse.m2e.maven.runtime_3.9.600.20231203-1234\jars\httpcore-4.4.16.jar
2024-04-10 15:49:13,478 [Worker-21: Launching mavenrun-34113eca-adc1-44d8-b92d-82e984e8c1ec] INFO  o.eclipse.m2e.core.internal.Bundles - 	Entry: C:\Users\rishikesh.kulkarni\.p2\pool\plugins\org.eclipse.m2e.maven.runtime_3.9.600.20231203-1234\jars\jansi-2.4.0.jar
2024-04-10 15:49:13,479 [Worker-21: Launching mavenrun-34113eca-adc1-44d8-b92d-82e984e8c1ec] INFO  o.eclipse.m2e.core.internal.Bundles - 	Entry: C:\Users\rishikesh.kulkarni\.p2\pool\plugins\org.eclipse.m2e.maven.runtime_3.9.600.20231203-1234\jars\jcl-over-slf4j-1.7.36.jar
2024-04-10 15:49:13,480 [Worker-21: Launching mavenrun-34113eca-adc1-44d8-b92d-82e984e8c1ec] INFO  o.eclipse.m2e.core.internal.Bundles - 	Entry: C:\Users\rishikesh.kulkarni\.p2\pool\plugins\org.eclipse.m2e.maven.runtime_3.9.600.20231203-1234\jars\maven-artifact-3.9.6.jar
2024-04-10 15:49:13,481 [Worker-21: Launching mavenrun-34113eca-adc1-44d8-b92d-82e984e8c1ec] INFO  o.eclipse.m2e.core.internal.Bundles - 	Entry: C:\Users\rishikesh.kulkarni\.p2\pool\plugins\org.eclipse.m2e.maven.runtime_3.9.600.20231203-1234\jars\maven-builder-support-3.9.6.jar
2024-04-10 15:49:13,481 [Worker-21: Launching mavenrun-34113eca-adc1-44d8-b92d-82e984e8c1ec] INFO  o.eclipse.m2e.core.internal.Bundles - 	Entry: C:\Users\rishikesh.kulkarni\.p2\pool\plugins\org.eclipse.m2e.maven.runtime_3.9.600.20231203-1234\jars\maven-compat-3.9.6.jar
2024-04-10 15:49:13,482 [Worker-21: Launching mavenrun-34113eca-adc1-44d8-b92d-82e984e8c1ec] INFO  o.eclipse.m2e.core.internal.Bundles - 	Entry: C:\Users\rishikesh.kulkarni\.p2\pool\plugins\org.eclipse.m2e.maven.runtime_3.9.600.20231203-1234\jars\maven-core-3.9.6.jar
2024-04-10 15:49:13,482 [Worker-21: Launching mavenrun-34113eca-adc1-44d8-b92d-82e984e8c1ec] INFO  o.eclipse.m2e.core.internal.Bundles - 	Entry: C:\Users\rishikesh.kulkarni\.p2\pool\plugins\org.eclipse.m2e.maven.runtime_3.9.600.20231203-1234\jars\maven-embedder-3.9.6.jar
2024-04-10 15:49:13,483 [Worker-21: Launching mavenrun-34113eca-adc1-44d8-b92d-82e984e8c1ec] INFO  o.eclipse.m2e.core.internal.Bundles - 	Entry: C:\Users\rishikesh.kulkarni\.p2\pool\plugins\org.eclipse.m2e.maven.runtime_3.9.600.20231203-1234\jars\maven-model-3.9.6.jar
2024-04-10 15:49:13,483 [Worker-21: Launching mavenrun-34113eca-adc1-44d8-b92d-82e984e8c1ec] INFO  o.eclipse.m2e.core.internal.Bundles - 	Entry: C:\Users\rishikesh.kulkarni\.p2\pool\plugins\org.eclipse.m2e.maven.runtime_3.9.600.20231203-1234\jars\maven-model-builder-3.9.6.jar
2024-04-10 15:49:13,484 [Worker-21: Launching mavenrun-34113eca-adc1-44d8-b92d-82e984e8c1ec] INFO  o.eclipse.m2e.core.internal.Bundles - 	Entry: C:\Users\rishikesh.kulkarni\.p2\pool\plugins\org.eclipse.m2e.maven.runtime_3.9.600.20231203-1234\jars\maven-plugin-api-3.9.6.jar
2024-04-10 15:49:13,485 [Worker-21: Launching mavenrun-34113eca-adc1-44d8-b92d-82e984e8c1ec] INFO  o.eclipse.m2e.core.internal.Bundles - 	Entry: C:\Users\rishikesh.kulkarni\.p2\pool\plugins\org.eclipse.m2e.maven.runtime_3.9.600.20231203-1234\jars\maven-repository-metadata-3.9.6.jar
2024-04-10 15:49:13,485 [Worker-21: Launching mavenrun-34113eca-adc1-44d8-b92d-82e984e8c1ec] INFO  o.eclipse.m2e.core.internal.Bundles - 	Entry: C:\Users\rishikesh.kulkarni\.p2\pool\plugins\org.eclipse.m2e.maven.runtime_3.9.600.20231203-1234\jars\maven-resolver-api-1.9.18.jar
2024-04-10 15:49:13,486 [Worker-21: Launching mavenrun-34113eca-adc1-44d8-b92d-82e984e8c1ec] INFO  o.eclipse.m2e.core.internal.Bundles - 	Entry: C:\Users\rishikesh.kulkarni\.p2\pool\plugins\org.eclipse.m2e.maven.runtime_3.9.600.20231203-1234\jars\maven-resolver-connector-basic-1.9.18.jar
2024-04-10 15:49:13,486 [Worker-21: Launching mavenrun-34113eca-adc1-44d8-b92d-82e984e8c1ec] INFO  o.eclipse.m2e.core.internal.Bundles - 	Entry: C:\Users\rishikesh.kulkarni\.p2\pool\plugins\org.eclipse.m2e.maven.runtime_3.9.600.20231203-1234\jars\maven-resolver-impl-1.9.18.jar
2024-04-10 15:49:13,487 [Worker-21: Launching mavenrun-34113eca-adc1-44d8-b92d-82e984e8c1ec] INFO  o.eclipse.m2e.core.internal.Bundles - 	Entry: C:\Users\rishikesh.kulkarni\.p2\pool\plugins\org.eclipse.m2e.maven.runtime_3.9.600.20231203-1234\jars\maven-resolver-named-locks-1.9.18.jar
2024-04-10 15:49:13,487 [Worker-21: Launching mavenrun-34113eca-adc1-44d8-b92d-82e984e8c1ec] INFO  o.eclipse.m2e.core.internal.Bundles - 	Entry: C:\Users\rishikesh.kulkarni\.p2\pool\plugins\org.eclipse.m2e.maven.runtime_3.9.600.20231203-1234\jars\maven-resolver-provider-3.9.6.jar
2024-04-10 15:49:13,488 [Worker-21: Launching mavenrun-34113eca-adc1-44d8-b92d-82e984e8c1ec] INFO  o.eclipse.m2e.core.internal.Bundles - 	Entry: C:\Users\rishikesh.kulkarni\.p2\pool\plugins\org.eclipse.m2e.maven.runtime_3.9.600.20231203-1234\jars\maven-resolver-spi-1.9.18.jar
2024-04-10 15:49:13,488 [Worker-21: Launching mavenrun-34113eca-adc1-44d8-b92d-82e984e8c1ec] INFO  o.eclipse.m2e.core.internal.Bundles - 	Entry: C:\Users\rishikesh.kulkarni\.p2\pool\plugins\org.eclipse.m2e.maven.runtime_3.9.600.20231203-1234\jars\maven-resolver-transport-file-1.9.18.jar
2024-04-10 15:49:13,489 [Worker-21: Launching mavenrun-34113eca-adc1-44d8-b92d-82e984e8c1ec] INFO  o.eclipse.m2e.core.internal.Bundles - 	Entry: C:\Users\rishikesh.kulkarni\.p2\pool\plugins\org.eclipse.m2e.maven.runtime_3.9.600.20231203-1234\jars\maven-resolver-transport-http-1.9.18.jar
2024-04-10 15:49:13,490 [Worker-21: Launching mavenrun-34113eca-adc1-44d8-b92d-82e984e8c1ec] INFO  o.eclipse.m2e.core.internal.Bundles - 	Entry: C:\Users\rishikesh.kulkarni\.p2\pool\plugins\org.eclipse.m2e.maven.runtime_3.9.600.20231203-1234\jars\maven-resolver-transport-wagon-1.9.18.jar
2024-04-10 15:49:13,491 [Worker-21: Launching mavenrun-34113eca-adc1-44d8-b92d-82e984e8c1ec] INFO  o.eclipse.m2e.core.internal.Bundles - 	Entry: C:\Users\rishikesh.kulkarni\.p2\pool\plugins\org.eclipse.m2e.maven.runtime_3.9.600.20231203-1234\jars\maven-resolver-util-1.9.18.jar
2024-04-10 15:49:13,492 [Worker-21: Launching mavenrun-34113eca-adc1-44d8-b92d-82e984e8c1ec] INFO  o.eclipse.m2e.core.internal.Bundles - 	Entry: C:\Users\rishikesh.kulkarni\.p2\pool\plugins\org.eclipse.m2e.maven.runtime_3.9.600.20231203-1234\jars\maven-settings-3.9.6.jar
2024-04-10 15:49:13,493 [Worker-21: Launching mavenrun-34113eca-adc1-44d8-b92d-82e984e8c1ec] INFO  o.eclipse.m2e.core.internal.Bundles - 	Entry: C:\Users\rishikesh.kulkarni\.p2\pool\plugins\org.eclipse.m2e.maven.runtime_3.9.600.20231203-1234\jars\maven-settings-builder-3.9.6.jar
2024-04-10 15:49:13,493 [Worker-21: Launching mavenrun-34113eca-adc1-44d8-b92d-82e984e8c1ec] INFO  o.eclipse.m2e.core.internal.Bundles - 	Entry: C:\Users\rishikesh.kulkarni\.p2\pool\plugins\org.eclipse.m2e.maven.runtime_3.9.600.20231203-1234\jars\maven-shared-utils-3.3.4.jar
2024-04-10 15:49:13,494 [Worker-21: Launching mavenrun-34113eca-adc1-44d8-b92d-82e984e8c1ec] INFO  o.eclipse.m2e.core.internal.Bundles - 	Entry: C:\Users\rishikesh.kulkarni\.p2\pool\plugins\org.eclipse.m2e.maven.runtime_3.9.600.20231203-1234\jars\org.eclipse.sisu.inject-0.9.0.M2.jar
2024-04-10 15:49:13,494 [Worker-21: Launching mavenrun-34113eca-adc1-44d8-b92d-82e984e8c1ec] INFO  o.eclipse.m2e.core.internal.Bundles - 	Entry: C:\Users\rishikesh.kulkarni\.p2\pool\plugins\org.eclipse.m2e.maven.runtime_3.9.600.20231203-1234\jars\org.eclipse.sisu.plexus-0.9.0.M2.jar
2024-04-10 15:49:13,495 [Worker-21: Launching mavenrun-34113eca-adc1-44d8-b92d-82e984e8c1ec] INFO  o.eclipse.m2e.core.internal.Bundles - 	Entry: C:\Users\rishikesh.kulkarni\.p2\pool\plugins\org.eclipse.m2e.maven.runtime_3.9.600.20231203-1234\jars\plexus-build-api-0.0.7.jar
2024-04-10 15:49:13,495 [Worker-21: Launching mavenrun-34113eca-adc1-44d8-b92d-82e984e8c1ec] INFO  o.eclipse.m2e.core.internal.Bundles - 	Entry: C:\Users\rishikesh.kulkarni\.p2\pool\plugins\org.eclipse.m2e.maven.runtime_3.9.600.20231203-1234\jars\plexus-cipher-2.0.jar
2024-04-10 15:49:13,495 [Worker-21: Launching mavenrun-34113eca-adc1-44d8-b92d-82e984e8c1ec] INFO  o.eclipse.m2e.core.internal.Bundles - 	Entry: C:\Users\rishikesh.kulkarni\.p2\pool\plugins\org.eclipse.m2e.maven.runtime_3.9.600.20231203-1234\jars\plexus-classworlds-2.7.0.jar
2024-04-10 15:49:13,496 [Worker-21: Launching mavenrun-34113eca-adc1-44d8-b92d-82e984e8c1ec] INFO  o.eclipse.m2e.core.internal.Bundles - 	Entry: C:\Users\rishikesh.kulkarni\.p2\pool\plugins\org.eclipse.m2e.maven.runtime_3.9.600.20231203-1234\jars\plexus-component-annotations-2.1.0.jar
2024-04-10 15:49:13,497 [Worker-21: Launching mavenrun-34113eca-adc1-44d8-b92d-82e984e8c1ec] INFO  o.eclipse.m2e.core.internal.Bundles - 	Entry: C:\Users\rishikesh.kulkarni\.p2\pool\plugins\org.eclipse.m2e.maven.runtime_3.9.600.20231203-1234\jars\plexus-interpolation-1.26.jar
2024-04-10 15:49:13,497 [Worker-21: Launching mavenrun-34113eca-adc1-44d8-b92d-82e984e8c1ec] INFO  o.eclipse.m2e.core.internal.Bundles - 	Entry: C:\Users\rishikesh.kulkarni\.p2\pool\plugins\org.eclipse.m2e.maven.runtime_3.9.600.20231203-1234\jars\plexus-sec-dispatcher-2.0.jar
2024-04-10 15:49:13,497 [Worker-21: Launching mavenrun-34113eca-adc1-44d8-b92d-82e984e8c1ec] INFO  o.eclipse.m2e.core.internal.Bundles - 	Entry: C:\Users\rishikesh.kulkarni\.p2\pool\plugins\org.eclipse.m2e.maven.runtime_3.9.600.20231203-1234\jars\plexus-utils-3.5.1.jar
2024-04-10 15:49:13,498 [Worker-21: Launching mavenrun-34113eca-adc1-44d8-b92d-82e984e8c1ec] INFO  o.eclipse.m2e.core.internal.Bundles - 	Entry: C:\Users\rishikesh.kulkarni\.p2\pool\plugins\org.eclipse.m2e.maven.runtime_3.9.600.20231203-1234\jars\wagon-file-3.5.3.jar
2024-04-10 15:49:13,499 [Worker-21: Launching mavenrun-34113eca-adc1-44d8-b92d-82e984e8c1ec] INFO  o.eclipse.m2e.core.internal.Bundles - 	Entry: C:\Users\rishikesh.kulkarni\.p2\pool\plugins\org.eclipse.m2e.maven.runtime_3.9.600.20231203-1234\jars\wagon-http-3.5.3.jar
2024-04-10 15:49:13,500 [Worker-21: Launching mavenrun-34113eca-adc1-44d8-b92d-82e984e8c1ec] INFO  o.eclipse.m2e.core.internal.Bundles - 	Entry: C:\Users\rishikesh.kulkarni\.p2\pool\plugins\org.eclipse.m2e.maven.runtime_3.9.600.20231203-1234\jars\wagon-http-shared-3.5.3.jar
2024-04-10 15:49:13,501 [Worker-21: Launching mavenrun-34113eca-adc1-44d8-b92d-82e984e8c1ec] INFO  o.eclipse.m2e.core.internal.Bundles - 	Entry: C:\Users\rishikesh.kulkarni\.p2\pool\plugins\org.eclipse.m2e.maven.runtime_3.9.600.20231203-1234\jars\wagon-provider-api-3.5.3.jar
2024-04-10 15:49:13,505 [Worker-21: Launching mavenrun-34113eca-adc1-44d8-b92d-82e984e8c1ec] INFO  o.eclipse.m2e.core.internal.Bundles - getClasspathEntries(Bundle=com.google.guava_33.0.0.jre [14])
2024-04-10 15:49:13,507 [Worker-21: Launching mavenrun-34113eca-adc1-44d8-b92d-82e984e8c1ec] INFO  o.eclipse.m2e.core.internal.Bundles - 	Entry: C:\Users\rishikesh.kulkarni\.p2\pool\plugins\com.google.guava_33.0.0.jre.jar
2024-04-10 15:49:13,507 [Worker-21: Launching mavenrun-34113eca-adc1-44d8-b92d-82e984e8c1ec] INFO  o.eclipse.m2e.core.internal.Bundles - getClasspathEntries(Bundle=slf4j.api_2.0.12 [1000])
2024-04-10 15:49:13,509 [Worker-21: Launching mavenrun-34113eca-adc1-44d8-b92d-82e984e8c1ec] INFO  o.eclipse.m2e.core.internal.Bundles - 	Entry: C:\Users\rishikesh.kulkarni\.p2\pool\plugins\slf4j.api_2.0.12.jar
2024-04-10 15:49:13,509 [Worker-21: Launching mavenrun-34113eca-adc1-44d8-b92d-82e984e8c1ec] INFO  o.eclipse.m2e.core.internal.Bundles - getClasspathEntries(Bundle=jakarta.inject.jakarta.inject-api_1.0.5 [32])
2024-04-10 15:49:13,511 [Worker-21: Launching mavenrun-34113eca-adc1-44d8-b92d-82e984e8c1ec] INFO  o.eclipse.m2e.core.internal.Bundles - 	Entry: C:\Users\rishikesh.kulkarni\.p2\pool\plugins\jakarta.inject.jakarta.inject-api_1.0.5.jar
2024-04-10 15:49:13,511 [Worker-21: Launching mavenrun-34113eca-adc1-44d8-b92d-82e984e8c1ec] INFO  o.eclipse.m2e.core.internal.Bundles - getClasspathEntries(Bundle=jakarta.annotation-api_1.3.5 [27])
2024-04-10 15:49:13,513 [Worker-21: Launching mavenrun-34113eca-adc1-44d8-b92d-82e984e8c1ec] INFO  o.eclipse.m2e.core.internal.Bundles - 	Entry: C:\Users\rishikesh.kulkarni\.p2\pool\plugins\jakarta.annotation-api_1.3.5.jar
2024-04-10 15:49:13,513 [Worker-21: Launching mavenrun-34113eca-adc1-44d8-b92d-82e984e8c1ec] INFO  o.eclipse.m2e.core.internal.Bundles - getClasspathEntries(Bundle=org.apache.commons.cli_1.6.0 [75])
2024-04-10 15:49:13,514 [Worker-21: Launching mavenrun-34113eca-adc1-44d8-b92d-82e984e8c1ec] INFO  o.eclipse.m2e.core.internal.Bundles - 	Entry: C:\Users\rishikesh.kulkarni\.p2\pool\plugins\org.apache.commons.cli_1.6.0.jar
2024-04-10 15:49:13,515 [Worker-21: Launching mavenrun-34113eca-adc1-44d8-b92d-82e984e8c1ec] INFO  o.eclipse.m2e.core.internal.Bundles - getClasspathEntries(Bundle=org.apache.commons.commons-codec_1.16.0 [78])
2024-04-10 15:49:13,516 [Worker-21: Launching mavenrun-34113eca-adc1-44d8-b92d-82e984e8c1ec] INFO  o.eclipse.m2e.core.internal.Bundles - 	Entry: C:\Users\rishikesh.kulkarni\.p2\pool\plugins\org.apache.commons.commons-codec_1.16.0.jar
2024-04-10 15:49:13,516 [Worker-21: Launching mavenrun-34113eca-adc1-44d8-b92d-82e984e8c1ec] INFO  o.eclipse.m2e.core.internal.Bundles - getClasspathEntries(Bundle=org.apache.commons.lang3_3.14.0 [86])
2024-04-10 15:49:13,518 [Worker-21: Launching mavenrun-34113eca-adc1-44d8-b92d-82e984e8c1ec] INFO  o.eclipse.m2e.core.internal.Bundles - 	Entry: C:\Users\rishikesh.kulkarni\.p2\pool\plugins\org.apache.commons.lang3_3.14.0.jar
2024-04-10 15:49:13,518 [Worker-21: Launching mavenrun-34113eca-adc1-44d8-b92d-82e984e8c1ec] INFO  o.eclipse.m2e.core.internal.Bundles - getClasspathEntries(Bundle=com.google.guava.failureaccess_1.0.2 [15])
2024-04-10 15:49:13,520 [Worker-21: Launching mavenrun-34113eca-adc1-44d8-b92d-82e984e8c1ec] INFO  o.eclipse.m2e.core.internal.Bundles - 	Entry: C:\Users\rishikesh.kulkarni\.p2\pool\plugins\com.google.guava.failureaccess_1.0.2.jar
2024-04-10 15:49:13,540 [Worker-21: Launching mavenrun-34113eca-adc1-44d8-b92d-82e984e8c1ec] INFO  o.e.m.i.launch.MavenLaunchDelegate - Run build in "C:\Users\RISHIK~1.KUL\AppData\Local\Temp\m2e-archetypeGenerator15846296008851260689":
2024-04-10 15:49:13,550 [Worker-21: Launching mavenrun-34113eca-adc1-44d8-b92d-82e984e8c1ec] INFO  o.e.m.i.launch.MavenLaunchDelegate -  mvn  -DarchetypeGroupId=org.apache.maven.archetypes -DarchetypeArtifactId=maven-archetype-quickstart -DarchetypeVersion=1.1 -DgroupId=com.example -DartifactId=onlineshop -Dversion=0.0.1-SNAPSHOT -Dpackage=com.example -DoutputDirectory="C:\Users\rishikesh.kulkarni\Documents\Practice Exercises\Spring Hands-on Mastery - S1" -Dstyle.color=always -U archetype:generate
2024-04-10 15:50:15,294 [Worker-19: Creating maven-archetype-quickstart] INFO  o.e.m.c.i.p.ProjectConfigurationManager - Collecting project info '/pom.xml' C:\Users\rishikesh.kulkarni\Documents\Practice Exercises\Spring Hands-on Mastery - S1\onlineshop\pom.xml
2024-04-10 15:50:16,210 [Worker-19: Creating maven-archetype-quickstart] INFO  o.e.m.c.i.e.AbstractTransferListenerAdapter - Downloading https://repo.maven.apache.org/maven2/org/apache/maven/plugins/maven-resources-plugin/3.3.1/maven-resources-plugin-3.3.1.jar
2024-04-10 15:50:16,297 [Worker-19: Creating maven-archetype-quickstart] INFO  o.e.m.c.i.e.AbstractTransferListenerAdapter - Downloaded https://repo.maven.apache.org/maven2/org/apache/maven/plugins/maven-resources-plugin/3.3.1/maven-resources-plugin-3.3.1.jar
2024-04-10 15:50:16,361 [Worker-19: Creating maven-archetype-quickstart] INFO  o.e.m.c.i.e.AbstractTransferListenerAdapter - Downloading https://repo.maven.apache.org/maven2/org/apache/maven/plugins/maven-compiler-plugin/3.11.0/maven-compiler-plugin-3.11.0.jar
2024-04-10 15:50:16,415 [Worker-19: Creating maven-archetype-quickstart] INFO  o.e.m.c.i.e.AbstractTransferListenerAdapter - Downloaded https://repo.maven.apache.org/maven2/org/apache/maven/plugins/maven-compiler-plugin/3.11.0/maven-compiler-plugin-3.11.0.jar
2024-04-10 15:50:16,467 [Worker-19: Creating maven-archetype-quickstart] INFO  o.e.m.c.i.e.AbstractTransferListenerAdapter - Downloading https://repo.maven.apache.org/maven2/org/apache/maven/plugins/maven-surefire-plugin/3.2.2/maven-surefire-plugin-3.2.2.jar
2024-04-10 15:50:16,503 [Worker-19: Creating maven-archetype-quickstart] INFO  o.e.m.c.i.e.AbstractTransferListenerAdapter - Downloaded https://repo.maven.apache.org/maven2/org/apache/maven/plugins/maven-surefire-plugin/3.2.2/maven-surefire-plugin-3.2.2.jar
2024-04-10 15:50:16,548 [Worker-19: Creating maven-archetype-quickstart] INFO  o.e.m.c.i.e.AbstractTransferListenerAdapter - Downloading https://repo.maven.apache.org/maven2/org/apache/maven/plugins/maven-jar-plugin/3.3.0/maven-jar-plugin-3.3.0.jar
2024-04-10 15:50:16,587 [Worker-19: Creating maven-archetype-quickstart] INFO  o.e.m.c.i.e.AbstractTransferListenerAdapter - Downloaded https://repo.maven.apache.org/maven2/org/apache/maven/plugins/maven-jar-plugin/3.3.0/maven-jar-plugin-3.3.0.jar
2024-04-10 15:50:16,670 [Worker-19: Creating maven-archetype-quickstart] INFO  o.e.m.c.i.e.AbstractTransferListenerAdapter - Downloading https://repo.maven.apache.org/maven2/org/apache/maven/plugins/maven-compiler-plugin/3.11.0/maven-compiler-plugin-3.11.0.pom
2024-04-10 15:50:16,699 [Worker-19: Creating maven-archetype-quickstart] INFO  o.e.m.c.i.e.AbstractTransferListenerAdapter - Downloaded https://repo.maven.apache.org/maven2/org/apache/maven/plugins/maven-compiler-plugin/3.11.0/maven-compiler-plugin-3.11.0.pom
2024-04-10 15:50:16,953 [Worker-19: Creating maven-archetype-quickstart] INFO  o.e.m.c.i.e.AbstractTransferListenerAdapter - Downloading https://repo.maven.apache.org/maven2/org/apache/maven/shared/maven-shared-utils/3.3.4/maven-shared-utils-3.3.4.pom
2024-04-10 15:50:16,988 [Worker-19: Creating maven-archetype-quickstart] INFO  o.e.m.c.i.e.AbstractTransferListenerAdapter - Downloaded https://repo.maven.apache.org/maven2/org/apache/maven/shared/maven-shared-utils/3.3.4/maven-shared-utils-3.3.4.pom
2024-04-10 15:50:17,166 [Worker-19: Creating maven-archetype-quickstart] INFO  o.e.m.c.i.e.AbstractTransferListenerAdapter - Downloading https://repo.maven.apache.org/maven2/org/apache/maven/shared/maven-shared-incremental/1.1/maven-shared-incremental-1.1.pom
2024-04-10 15:50:17,196 [Worker-19: Creating maven-archetype-quickstart] INFO  o.e.m.c.i.e.AbstractTransferListenerAdapter - Downloaded https://repo.maven.apache.org/maven2/org/apache/maven/shared/maven-shared-incremental/1.1/maven-shared-incremental-1.1.pom
2024-04-10 15:50:17,253 [Worker-19: Creating maven-archetype-quickstart] INFO  o.e.m.c.i.e.AbstractTransferListenerAdapter - Downloading https://repo.maven.apache.org/maven2/org/apache/maven/shared/maven-shared-components/19/maven-shared-components-19.pom
2024-04-10 15:50:17,286 [Worker-19: Creating maven-archetype-quickstart] INFO  o.e.m.c.i.e.AbstractTransferListenerAdapter - Downloaded https://repo.maven.apache.org/maven2/org/apache/maven/shared/maven-shared-components/19/maven-shared-components-19.pom
2024-04-10 15:50:17,339 [Worker-19: Creating maven-archetype-quickstart] INFO  o.e.m.c.i.e.AbstractTransferListenerAdapter - Downloading https://repo.maven.apache.org/maven2/org/apache/maven/maven-parent/23/maven-parent-23.pom
2024-04-10 15:50:17,397 [Worker-19: Creating maven-archetype-quickstart] INFO  o.e.m.c.i.e.AbstractTransferListenerAdapter - Downloaded https://repo.maven.apache.org/maven2/org/apache/maven/maven-parent/23/maven-parent-23.pom
2024-04-10 15:50:17,455 [Worker-19: Creating maven-archetype-quickstart] INFO  o.e.m.c.i.e.AbstractTransferListenerAdapter - Downloading https://repo.maven.apache.org/maven2/org/apache/apache/13/apache-13.pom
2024-04-10 15:50:17,500 [Worker-19: Creating maven-archetype-quickstart] INFO  o.e.m.c.i.e.AbstractTransferListenerAdapter - Downloaded https://repo.maven.apache.org/maven2/org/apache/apache/13/apache-13.pom
2024-04-10 15:50:17,563 [Worker-19: Creating maven-archetype-quickstart] INFO  o.e.m.c.i.e.AbstractTransferListenerAdapter - Downloading https://repo.maven.apache.org/maven2/org/codehaus/plexus/plexus-component-annotations/1.5.5/plexus-component-annotations-1.5.5.pom
2024-04-10 15:50:17,593 [Worker-19: Creating maven-archetype-quickstart] INFO  o.e.m.c.i.e.AbstractTransferListenerAdapter - Downloaded https://repo.maven.apache.org/maven2/org/codehaus/plexus/plexus-component-annotations/1.5.5/plexus-component-annotations-1.5.5.pom
2024-04-10 15:50:17,662 [Worker-19: Creating maven-archetype-quickstart] INFO  o.e.m.c.i.e.AbstractTransferListenerAdapter - Downloading https://repo.maven.apache.org/maven2/org/codehaus/plexus/plexus-containers/1.5.5/plexus-containers-1.5.5.pom
2024-04-10 15:50:17,691 [Worker-19: Creating maven-archetype-quickstart] INFO  o.e.m.c.i.e.AbstractTransferListenerAdapter - Downloaded https://repo.maven.apache.org/maven2/org/codehaus/plexus/plexus-containers/1.5.5/plexus-containers-1.5.5.pom
2024-04-10 15:50:17,767 [Worker-19: Creating maven-archetype-quickstart] INFO  o.e.m.c.i.e.AbstractTransferListenerAdapter - Downloading https://repo.maven.apache.org/maven2/org/codehaus/plexus/plexus-java/1.1.2/plexus-java-1.1.2.pom
2024-04-10 15:50:17,793 [Worker-19: Creating maven-archetype-quickstart] INFO  o.e.m.c.i.e.AbstractTransferListenerAdapter - Downloaded https://repo.maven.apache.org/maven2/org/codehaus/plexus/plexus-java/1.1.2/plexus-java-1.1.2.pom
2024-04-10 15:50:17,837 [Worker-19: Creating maven-archetype-quickstart] INFO  o.e.m.c.i.e.AbstractTransferListenerAdapter - Downloading https://repo.maven.apache.org/maven2/org/codehaus/plexus/plexus-languages/1.1.2/plexus-languages-1.1.2.pom
2024-04-10 15:50:17,861 [Worker-19: Creating maven-archetype-quickstart] INFO  o.e.m.c.i.e.AbstractTransferListenerAdapter - Downloaded https://repo.maven.apache.org/maven2/org/codehaus/plexus/plexus-languages/1.1.2/plexus-languages-1.1.2.pom
2024-04-10 15:50:17,918 [Worker-19: Creating maven-archetype-quickstart] INFO  o.e.m.c.i.e.AbstractTransferListenerAdapter - Downloading https://repo.maven.apache.org/maven2/org/codehaus/plexus/plexus/10/plexus-10.pom
2024-04-10 15:50:17,967 [Worker-19: Creating maven-archetype-quickstart] INFO  o.e.m.c.i.e.AbstractTransferListenerAdapter - Downloaded https://repo.maven.apache.org/maven2/org/codehaus/plexus/plexus/10/plexus-10.pom
2024-04-10 15:50:18,034 [Worker-19: Creating maven-archetype-quickstart] INFO  o.e.m.c.i.e.AbstractTransferListenerAdapter - Downloading https://repo.maven.apache.org/maven2/org/ow2/asm/asm/9.4/asm-9.4.pom
2024-04-10 15:50:18,057 [Worker-19: Creating maven-archetype-quickstart] INFO  o.e.m.c.i.e.AbstractTransferListenerAdapter - Downloaded https://repo.maven.apache.org/maven2/org/ow2/asm/asm/9.4/asm-9.4.pom
2024-04-10 15:50:18,104 [Worker-19: Creating maven-archetype-quickstart] INFO  o.e.m.c.i.e.AbstractTransferListenerAdapter - Downloading https://repo.maven.apache.org/maven2/org/ow2/ow2/1.5.1/ow2-1.5.1.pom
2024-04-10 15:50:18,131 [Worker-19: Creating maven-archetype-quickstart] INFO  o.e.m.c.i.e.AbstractTransferListenerAdapter - Downloaded https://repo.maven.apache.org/maven2/org/ow2/ow2/1.5.1/ow2-1.5.1.pom
2024-04-10 15:50:18,177 [Worker-19: Creating maven-archetype-quickstart] INFO  o.e.m.c.i.e.AbstractTransferListenerAdapter - Downloading https://repo.maven.apache.org/maven2/com/thoughtworks/qdox/qdox/2.0.3/qdox-2.0.3.pom
2024-04-10 15:50:18,212 [Worker-19: Creating maven-archetype-quickstart] INFO  o.e.m.c.i.e.AbstractTransferListenerAdapter - Downloaded https://repo.maven.apache.org/maven2/com/thoughtworks/qdox/qdox/2.0.3/qdox-2.0.3.pom
2024-04-10 15:50:18,259 [Worker-19: Creating maven-archetype-quickstart] INFO  o.e.m.c.i.e.AbstractTransferListenerAdapter - Downloading https://repo.maven.apache.org/maven2/org/sonatype/oss/oss-parent/9/oss-parent-9.pom
2024-04-10 15:50:18,287 [Worker-19: Creating maven-archetype-quickstart] INFO  o.e.m.c.i.e.AbstractTransferListenerAdapter - Downloaded https://repo.maven.apache.org/maven2/org/sonatype/oss/oss-parent/9/oss-parent-9.pom
2024-04-10 15:50:18,334 [Worker-19: Creating maven-archetype-quickstart] INFO  o.e.m.c.i.e.AbstractTransferListenerAdapter - Downloading https://repo.maven.apache.org/maven2/org/codehaus/plexus/plexus-compiler-api/2.13.0/plexus-compiler-api-2.13.0.pom
2024-04-10 15:50:18,367 [Worker-19: Creating maven-archetype-quickstart] INFO  o.e.m.c.i.e.AbstractTransferListenerAdapter - Downloaded https://repo.maven.apache.org/maven2/org/codehaus/plexus/plexus-compiler-api/2.13.0/plexus-compiler-api-2.13.0.pom
2024-04-10 15:50:18,423 [Worker-19: Creating maven-archetype-quickstart] INFO  o.e.m.c.i.e.AbstractTransferListenerAdapter - Downloading https://repo.maven.apache.org/maven2/org/codehaus/plexus/plexus-compiler/2.13.0/plexus-compiler-2.13.0.pom
2024-04-10 15:50:18,447 [Worker-19: Creating maven-archetype-quickstart] INFO  o.e.m.c.i.e.AbstractTransferListenerAdapter - Downloaded https://repo.maven.apache.org/maven2/org/codehaus/plexus/plexus-compiler/2.13.0/plexus-compiler-2.13.0.pom
2024-04-10 15:50:18,489 [Worker-19: Creating maven-archetype-quickstart] INFO  o.e.m.c.i.e.AbstractTransferListenerAdapter - Downloading https://repo.maven.apache.org/maven2/org/codehaus/plexus/plexus-components/10.0/plexus-components-10.0.pom
2024-04-10 15:50:18,506 [Worker-19: Creating maven-archetype-quickstart] INFO  o.e.m.c.i.e.AbstractTransferListenerAdapter - Downloaded https://repo.maven.apache.org/maven2/org/codehaus/plexus/plexus-components/10.0/plexus-components-10.0.pom
2024-04-10 15:50:18,546 [Worker-19: Creating maven-archetype-quickstart] INFO  o.e.m.c.i.e.AbstractTransferListenerAdapter - Downloading https://repo.maven.apache.org/maven2/org/junit/junit-bom/5.9.1/junit-bom-5.9.1.pom
2024-04-10 15:50:18,571 [Worker-19: Creating maven-archetype-quickstart] INFO  o.e.m.c.i.e.AbstractTransferListenerAdapter - Downloaded https://repo.maven.apache.org/maven2/org/junit/junit-bom/5.9.1/junit-bom-5.9.1.pom
2024-04-10 15:50:18,611 [Worker-19: Creating maven-archetype-quickstart] INFO  o.e.m.c.i.e.AbstractTransferListenerAdapter - Downloading https://repo.maven.apache.org/maven2/org/codehaus/plexus/plexus-utils/3.5.0/plexus-utils-3.5.0.pom
2024-04-10 15:50:18,635 [Worker-19: Creating maven-archetype-quickstart] INFO  o.e.m.c.i.e.AbstractTransferListenerAdapter - Downloaded https://repo.maven.apache.org/maven2/org/codehaus/plexus/plexus-utils/3.5.0/plexus-utils-3.5.0.pom
2024-04-10 15:50:18,677 [Worker-19: Creating maven-archetype-quickstart] INFO  o.e.m.c.i.e.AbstractTransferListenerAdapter - Downloading https://repo.maven.apache.org/maven2/org/codehaus/plexus/plexus-compiler-manager/2.13.0/plexus-compiler-manager-2.13.0.pom
2024-04-10 15:50:18,697 [Worker-19: Creating maven-archetype-quickstart] INFO  o.e.m.c.i.e.AbstractTransferListenerAdapter - Downloaded https://repo.maven.apache.org/maven2/org/codehaus/plexus/plexus-compiler-manager/2.13.0/plexus-compiler-manager-2.13.0.pom
2024-04-10 15:50:18,736 [Worker-19: Creating maven-archetype-quickstart] INFO  o.e.m.c.i.e.AbstractTransferListenerAdapter - Downloading https://repo.maven.apache.org/maven2/org/codehaus/plexus/plexus-component-annotations/2.1.1/plexus-component-annotations-2.1.1.pom
2024-04-10 15:50:18,756 [Worker-19: Creating maven-archetype-quickstart] INFO  o.e.m.c.i.e.AbstractTransferListenerAdapter - Downloaded https://repo.maven.apache.org/maven2/org/codehaus/plexus/plexus-component-annotations/2.1.1/plexus-component-annotations-2.1.1.pom
2024-04-10 15:50:18,805 [Worker-19: Creating maven-archetype-quickstart] INFO  o.e.m.c.i.e.AbstractTransferListenerAdapter - Downloading https://repo.maven.apache.org/maven2/org/codehaus/plexus/plexus-containers/2.1.1/plexus-containers-2.1.1.pom
2024-04-10 15:50:18,828 [Worker-19: Creating maven-archetype-quickstart] INFO  o.e.m.c.i.e.AbstractTransferListenerAdapter - Downloaded https://repo.maven.apache.org/maven2/org/codehaus/plexus/plexus-containers/2.1.1/plexus-containers-2.1.1.pom
2024-04-10 15:50:18,883 [Worker-19: Creating maven-archetype-quickstart] INFO  o.e.m.c.i.e.AbstractTransferListenerAdapter - Downloading https://repo.maven.apache.org/maven2/org/codehaus/plexus/plexus-compiler-javac/2.13.0/plexus-compiler-javac-2.13.0.pom
2024-04-10 15:50:18,905 [Worker-19: Creating maven-archetype-quickstart] INFO  o.e.m.c.i.e.AbstractTransferListenerAdapter - Downloaded https://repo.maven.apache.org/maven2/org/codehaus/plexus/plexus-compiler-javac/2.13.0/plexus-compiler-javac-2.13.0.pom
2024-04-10 15:50:18,951 [Worker-19: Creating maven-archetype-quickstart] INFO  o.e.m.c.i.e.AbstractTransferListenerAdapter - Downloading https://repo.maven.apache.org/maven2/org/codehaus/plexus/plexus-compilers/2.13.0/plexus-compilers-2.13.0.pom
2024-04-10 15:50:18,974 [Worker-19: Creating maven-archetype-quickstart] INFO  o.e.m.c.i.e.AbstractTransferListenerAdapter - Downloaded https://repo.maven.apache.org/maven2/org/codehaus/plexus/plexus-compilers/2.13.0/plexus-compilers-2.13.0.pom
2024-04-10 15:50:19,060 [Worker-19: Creating maven-archetype-quickstart] INFO  o.e.m.c.i.e.AbstractTransferListenerAdapter - Downloading https://repo.maven.apache.org/maven2/org/apache/maven/shared/maven-shared-utils/3.3.4/maven-shared-utils-3.3.4.jar
2024-04-10 15:50:19,110 [Worker-19: Creating maven-archetype-quickstart] INFO  o.e.m.c.i.e.AbstractTransferListenerAdapter - Downloaded https://repo.maven.apache.org/maven2/org/apache/maven/shared/maven-shared-utils/3.3.4/maven-shared-utils-3.3.4.jar
2024-04-10 15:50:19,135 [BasicRepositoryConnector-repo.maven.apache.org-0-0] INFO  o.e.m.c.i.e.AbstractTransferListenerAdapter - Downloading https://repo.maven.apache.org/maven2/org/apache/maven/shared/maven-shared-incremental/1.1/maven-shared-incremental-1.1.jar
2024-04-10 15:50:19,155 [BasicRepositoryConnector-repo.maven.apache.org-0-0] INFO  o.e.m.c.i.e.AbstractTransferListenerAdapter - Downloaded https://repo.maven.apache.org/maven2/org/apache/maven/shared/maven-shared-incremental/1.1/maven-shared-incremental-1.1.jar
2024-04-10 15:50:19,181 [BasicRepositoryConnector-repo.maven.apache.org-0-0] INFO  o.e.m.c.i.e.AbstractTransferListenerAdapter - Downloading https://repo.maven.apache.org/maven2/org/codehaus/plexus/plexus-compiler-api/2.13.0/plexus-compiler-api-2.13.0.jar
2024-04-10 15:50:19,209 [BasicRepositoryConnector-repo.maven.apache.org-0-1] INFO  o.e.m.c.i.e.AbstractTransferListenerAdapter - Downloading https://repo.maven.apache.org/maven2/org/codehaus/plexus/plexus-component-annotations/1.5.5/plexus-component-annotations-1.5.5.jar
2024-04-10 15:50:19,209 [BasicRepositoryConnector-repo.maven.apache.org-0-0] INFO  o.e.m.c.i.e.AbstractTransferListenerAdapter - Downloaded https://repo.maven.apache.org/maven2/org/codehaus/plexus/plexus-compiler-api/2.13.0/plexus-compiler-api-2.13.0.jar
2024-04-10 15:50:19,214 [BasicRepositoryConnector-repo.maven.apache.org-0-2] INFO  o.e.m.c.i.e.AbstractTransferListenerAdapter - Downloading https://repo.maven.apache.org/maven2/org/codehaus/plexus/plexus-java/1.1.2/plexus-java-1.1.2.jar
2024-04-10 15:50:19,216 [BasicRepositoryConnector-repo.maven.apache.org-0-4] INFO  o.e.m.c.i.e.AbstractTransferListenerAdapter - Downloading https://repo.maven.apache.org/maven2/com/thoughtworks/qdox/qdox/2.0.3/qdox-2.0.3.jar
2024-04-10 15:50:19,223 [BasicRepositoryConnector-repo.maven.apache.org-0-3] INFO  o.e.m.c.i.e.AbstractTransferListenerAdapter - Downloading https://repo.maven.apache.org/maven2/org/ow2/asm/asm/9.4/asm-9.4.jar
2024-04-10 15:50:19,238 [BasicRepositoryConnector-repo.maven.apache.org-0-1] INFO  o.e.m.c.i.e.AbstractTransferListenerAdapter - Downloaded https://repo.maven.apache.org/maven2/org/codehaus/plexus/plexus-component-annotations/1.5.5/plexus-component-annotations-1.5.5.jar
2024-04-10 15:50:19,239 [BasicRepositoryConnector-repo.maven.apache.org-0-0] INFO  o.e.m.c.i.e.AbstractTransferListenerAdapter - Downloading https://repo.maven.apache.org/maven2/org/codehaus/plexus/plexus-utils/3.5.0/plexus-utils-3.5.0.jar
2024-04-10 15:50:19,272 [BasicRepositoryConnector-repo.maven.apache.org-0-1] INFO  o.e.m.c.i.e.AbstractTransferListenerAdapter - Downloading https://repo.maven.apache.org/maven2/org/codehaus/plexus/plexus-compiler-manager/2.13.0/plexus-compiler-manager-2.13.0.jar
2024-04-10 15:50:19,278 [BasicRepositoryConnector-repo.maven.apache.org-0-2] INFO  o.e.m.c.i.e.AbstractTransferListenerAdapter - Downloaded https://repo.maven.apache.org/maven2/org/codehaus/plexus/plexus-java/1.1.2/plexus-java-1.1.2.jar
2024-04-10 15:50:19,300 [BasicRepositoryConnector-repo.maven.apache.org-0-1] INFO  o.e.m.c.i.e.AbstractTransferListenerAdapter - Downloaded https://repo.maven.apache.org/maven2/org/codehaus/plexus/plexus-compiler-manager/2.13.0/plexus-compiler-manager-2.13.0.jar
2024-04-10 15:50:19,324 [BasicRepositoryConnector-repo.maven.apache.org-0-2] INFO  o.e.m.c.i.e.AbstractTransferListenerAdapter - Downloading https://repo.maven.apache.org/maven2/org/codehaus/plexus/plexus-compiler-javac/2.13.0/plexus-compiler-javac-2.13.0.jar
2024-04-10 15:50:19,351 [BasicRepositoryConnector-repo.maven.apache.org-0-3] INFO  o.e.m.c.i.e.AbstractTransferListenerAdapter - Downloaded https://repo.maven.apache.org/maven2/org/ow2/asm/asm/9.4/asm-9.4.jar
2024-04-10 15:50:19,366 [BasicRepositoryConnector-repo.maven.apache.org-0-0] INFO  o.e.m.c.i.e.AbstractTransferListenerAdapter - Downloaded https://repo.maven.apache.org/maven2/org/codehaus/plexus/plexus-utils/3.5.0/plexus-utils-3.5.0.jar
2024-04-10 15:50:19,380 [BasicRepositoryConnector-repo.maven.apache.org-0-2] INFO  o.e.m.c.i.e.AbstractTransferListenerAdapter - Downloaded https://repo.maven.apache.org/maven2/org/codehaus/plexus/plexus-compiler-javac/2.13.0/plexus-compiler-javac-2.13.0.jar
2024-04-10 15:50:19,389 [BasicRepositoryConnector-repo.maven.apache.org-0-4] INFO  o.e.m.c.i.e.AbstractTransferListenerAdapter - Downloaded https://repo.maven.apache.org/maven2/com/thoughtworks/qdox/qdox/2.0.3/qdox-2.0.3.jar
2024-04-10 15:50:19,765 [Worker-19: Creating maven-archetype-quickstart] INFO  o.e.m.c.i.l.LifecycleMappingFactory - Using org.eclipse.m2e.jdt.JarLifecycleMapping lifecycle mapping for MavenProject: com.example:onlineshop:0.0.1-SNAPSHOT @ C:\Users\rishikesh.kulkarni\Documents\Practice Exercises\Spring Hands-on Mastery - S1\onlineshop\pom.xml.
2024-04-10 15:50:19,795 [Worker-19: Creating maven-archetype-quickstart] INFO  o.e.m.c.i.e.AbstractTransferListenerAdapter - Downloading https://repo.maven.apache.org/maven2/junit/junit/3.8.1/junit-3.8.1.pom
2024-04-10 15:50:19,815 [Worker-19: Creating maven-archetype-quickstart] INFO  o.e.m.c.i.e.AbstractTransferListenerAdapter - Downloaded https://repo.maven.apache.org/maven2/junit/junit/3.8.1/junit-3.8.1.pom
2024-04-10 15:50:19,860 [Worker-19: Creating maven-archetype-quickstart] INFO  o.e.m.c.i.e.AbstractTransferListenerAdapter - Downloading https://repo.maven.apache.org/maven2/junit/junit/3.8.1/junit-3.8.1.jar
2024-04-10 15:50:19,915 [Worker-19: Creating maven-archetype-quickstart] INFO  o.e.m.c.i.e.AbstractTransferListenerAdapter - Downloaded https://repo.maven.apache.org/maven2/junit/junit/3.8.1/junit-3.8.1.jar
2024-04-10 15:50:19,974 [Worker-19: Creating maven-archetype-quickstart] INFO  o.e.m.c.i.e.AbstractTransferListenerAdapter - Downloading https://repo.maven.apache.org/maven2/org/apache/maven/plugins/maven-resources-plugin/3.3.1/maven-resources-plugin-3.3.1.pom
2024-04-10 15:50:20,006 [Worker-19: Creating maven-archetype-quickstart] INFO  o.e.m.c.i.e.AbstractTransferListenerAdapter - Downloaded https://repo.maven.apache.org/maven2/org/apache/maven/plugins/maven-resources-plugin/3.3.1/maven-resources-plugin-3.3.1.pom
2024-04-10 15:50:20,104 [Worker-19: Creating maven-archetype-quickstart] INFO  o.e.m.c.i.e.AbstractTransferListenerAdapter - Downloading https://repo.maven.apache.org/maven2/org/apache/maven/plugins/maven-surefire-plugin/3.2.2/maven-surefire-plugin-3.2.2.pom
2024-04-10 15:50:20,124 [Worker-19: Creating maven-archetype-quickstart] INFO  o.e.m.c.i.e.AbstractTransferListenerAdapter - Downloaded https://repo.maven.apache.org/maven2/org/apache/maven/plugins/maven-surefire-plugin/3.2.2/maven-surefire-plugin-3.2.2.pom
2024-04-10 15:50:20,164 [Worker-19: Creating maven-archetype-quickstart] INFO  o.e.m.c.i.e.AbstractTransferListenerAdapter - Downloading https://repo.maven.apache.org/maven2/org/apache/maven/surefire/surefire/3.2.2/surefire-3.2.2.pom
2024-04-10 15:50:20,198 [Worker-19: Creating maven-archetype-quickstart] INFO  o.e.m.c.i.e.AbstractTransferListenerAdapter - Downloaded https://repo.maven.apache.org/maven2/org/apache/maven/surefire/surefire/3.2.2/surefire-3.2.2.pom
2024-04-10 15:50:20,269 [Worker-19: Creating maven-archetype-quickstart] INFO  o.e.m.c.i.e.AbstractTransferListenerAdapter - Downloading https://repo.maven.apache.org/maven2/org/junit/junit-bom/5.9.3/junit-bom-5.9.3.pom
2024-04-10 15:50:20,294 [Worker-19: Creating maven-archetype-quickstart] INFO  o.e.m.c.i.e.AbstractTransferListenerAdapter - Downloaded https://repo.maven.apache.org/maven2/org/junit/junit-bom/5.9.3/junit-bom-5.9.3.pom
2024-04-10 15:50:20,364 [Worker-19: Creating maven-archetype-quickstart] INFO  o.e.m.c.i.e.AbstractTransferListenerAdapter - Downloading https://repo.maven.apache.org/maven2/org/apache/maven/plugins/maven-jar-plugin/3.3.0/maven-jar-plugin-3.3.0.pom
2024-04-10 15:50:20,389 [Worker-19: Creating maven-archetype-quickstart] INFO  o.e.m.c.i.e.AbstractTransferListenerAdapter - Downloaded https://repo.maven.apache.org/maven2/org/apache/maven/plugins/maven-jar-plugin/3.3.0/maven-jar-plugin-3.3.0.pom
2024-04-10 15:50:20,447 [Worker-19: Creating maven-archetype-quickstart] INFO  o.e.m.c.i.e.AbstractTransferListenerAdapter - Downloading https://repo.maven.apache.org/maven2/org/apache/maven/plugins/maven-plugins/37/maven-plugins-37.pom
2024-04-10 15:50:20,488 [Worker-19: Creating maven-archetype-quickstart] INFO  o.e.m.c.i.e.AbstractTransferListenerAdapter - Downloaded https://repo.maven.apache.org/maven2/org/apache/maven/plugins/maven-plugins/37/maven-plugins-37.pom
2024-04-10 15:50:20,551 [Worker-19: Creating maven-archetype-quickstart] INFO  o.e.m.c.i.e.AbstractTransferListenerAdapter - Downloading https://repo.maven.apache.org/maven2/org/apache/maven/maven-parent/37/maven-parent-37.pom
2024-04-10 15:50:20,611 [Worker-19: Creating maven-archetype-quickstart] INFO  o.e.m.c.i.e.AbstractTransferListenerAdapter - Downloaded https://repo.maven.apache.org/maven2/org/apache/maven/maven-parent/37/maven-parent-37.pom
2024-04-10 15:50:20,664 [Worker-19: Creating maven-archetype-quickstart] INFO  o.e.m.c.i.e.AbstractTransferListenerAdapter - Downloading https://repo.maven.apache.org/maven2/org/apache/apache/27/apache-27.pom
2024-04-10 15:50:20,695 [Worker-19: Creating maven-archetype-quickstart] INFO  o.e.m.c.i.e.AbstractTransferListenerAdapter - Downloaded https://repo.maven.apache.org/maven2/org/apache/apache/27/apache-27.pom
2024-04-10 15:50:20,788 [Worker-19: Creating maven-archetype-quickstart] INFO  o.e.m.c.i.e.AbstractTransferListenerAdapter - Downloading https://repo.maven.apache.org/maven2/org/apache/maven/shared/file-management/3.1.0/file-management-3.1.0.pom
2024-04-10 15:50:20,821 [Worker-19: Creating maven-archetype-quickstart] INFO  o.e.m.c.i.e.AbstractTransferListenerAdapter - Downloaded https://repo.maven.apache.org/maven2/org/apache/maven/shared/file-management/3.1.0/file-management-3.1.0.pom
2024-04-10 15:50:20,874 [Worker-19: Creating maven-archetype-quickstart] INFO  o.e.m.c.i.e.AbstractTransferListenerAdapter - Downloading https://repo.maven.apache.org/maven2/org/apache/maven/shared/maven-shared-components/36/maven-shared-components-36.pom
2024-04-10 15:50:20,899 [Worker-19: Creating maven-archetype-quickstart] INFO  o.e.m.c.i.e.AbstractTransferListenerAdapter - Downloaded https://repo.maven.apache.org/maven2/org/apache/maven/shared/maven-shared-components/36/maven-shared-components-36.pom
2024-04-10 15:50:20,961 [Worker-19: Creating maven-archetype-quickstart] INFO  o.e.m.c.i.e.AbstractTransferListenerAdapter - Downloading https://repo.maven.apache.org/maven2/org/slf4j/slf4j-api/1.7.36/slf4j-api-1.7.36.pom
2024-04-10 15:50:20,984 [Worker-19: Creating maven-archetype-quickstart] INFO  o.e.m.c.i.e.AbstractTransferListenerAdapter - Downloaded https://repo.maven.apache.org/maven2/org/slf4j/slf4j-api/1.7.36/slf4j-api-1.7.36.pom
2024-04-10 15:50:21,020 [Worker-19: Creating maven-archetype-quickstart] INFO  o.e.m.c.i.e.AbstractTransferListenerAdapter - Downloading https://repo.maven.apache.org/maven2/org/slf4j/slf4j-parent/1.7.36/slf4j-parent-1.7.36.pom
2024-04-10 15:50:21,047 [Worker-19: Creating maven-archetype-quickstart] INFO  o.e.m.c.i.e.AbstractTransferListenerAdapter - Downloaded https://repo.maven.apache.org/maven2/org/slf4j/slf4j-parent/1.7.36/slf4j-parent-1.7.36.pom
2024-04-10 15:50:21,101 [Worker-19: Creating maven-archetype-quickstart] INFO  o.e.m.c.i.e.AbstractTransferListenerAdapter - Downloading https://repo.maven.apache.org/maven2/commons-io/commons-io/2.11.0/commons-io-2.11.0.pom
2024-04-10 15:50:21,134 [Worker-19: Creating maven-archetype-quickstart] INFO  o.e.m.c.i.e.AbstractTransferListenerAdapter - Downloaded https://repo.maven.apache.org/maven2/commons-io/commons-io/2.11.0/commons-io-2.11.0.pom
2024-04-10 15:50:21,170 [Worker-19: Creating maven-archetype-quickstart] INFO  o.e.m.c.i.e.AbstractTransferListenerAdapter - Downloading https://repo.maven.apache.org/maven2/org/apache/commons/commons-parent/52/commons-parent-52.pom
2024-04-10 15:50:21,211 [Worker-19: Creating maven-archetype-quickstart] INFO  o.e.m.c.i.e.AbstractTransferListenerAdapter - Downloaded https://repo.maven.apache.org/maven2/org/apache/commons/commons-parent/52/commons-parent-52.pom
2024-04-10 15:50:21,260 [Worker-19: Creating maven-archetype-quickstart] INFO  o.e.m.c.i.e.AbstractTransferListenerAdapter - Downloading https://repo.maven.apache.org/maven2/org/junit/junit-bom/5.7.2/junit-bom-5.7.2.pom
2024-04-10 15:50:21,282 [Worker-19: Creating maven-archetype-quickstart] INFO  o.e.m.c.i.e.AbstractTransferListenerAdapter - Downloaded https://repo.maven.apache.org/maven2/org/junit/junit-bom/5.7.2/junit-bom-5.7.2.pom
2024-04-10 15:50:21,337 [Worker-19: Creating maven-archetype-quickstart] INFO  o.e.m.c.i.e.AbstractTransferListenerAdapter - Downloading https://repo.maven.apache.org/maven2/org/apache/maven/maven-archiver/3.6.0/maven-archiver-3.6.0.pom
2024-04-10 15:50:21,369 [Worker-19: Creating maven-archetype-quickstart] INFO  o.e.m.c.i.e.AbstractTransferListenerAdapter - Downloaded https://repo.maven.apache.org/maven2/org/apache/maven/maven-archiver/3.6.0/maven-archiver-3.6.0.pom
2024-04-10 15:50:21,457 [Worker-19: Creating maven-archetype-quickstart] INFO  o.e.m.c.i.e.AbstractTransferListenerAdapter - Downloading https://repo.maven.apache.org/maven2/org/codehaus/plexus/plexus-io/3.4.0/plexus-io-3.4.0.pom
2024-04-10 15:50:21,481 [Worker-19: Creating maven-archetype-quickstart] INFO  o.e.m.c.i.e.AbstractTransferListenerAdapter - Downloaded https://repo.maven.apache.org/maven2/org/codehaus/plexus/plexus-io/3.4.0/plexus-io-3.4.0.pom
2024-04-10 15:50:21,527 [Worker-19: Creating maven-archetype-quickstart] INFO  o.e.m.c.i.e.AbstractTransferListenerAdapter - Downloading https://repo.maven.apache.org/maven2/javax/inject/javax.inject/1/javax.inject-1.pom
2024-04-10 15:50:21,546 [Worker-19: Creating maven-archetype-quickstart] INFO  o.e.m.c.i.e.AbstractTransferListenerAdapter - Downloaded https://repo.maven.apache.org/maven2/javax/inject/javax.inject/1/javax.inject-1.pom
2024-04-10 15:50:21,586 [Worker-19: Creating maven-archetype-quickstart] INFO  o.e.m.c.i.e.AbstractTransferListenerAdapter - Downloading https://repo.maven.apache.org/maven2/org/codehaus/plexus/plexus-archiver/4.4.0/plexus-archiver-4.4.0.pom
2024-04-10 15:50:21,615 [Worker-19: Creating maven-archetype-quickstart] INFO  o.e.m.c.i.e.AbstractTransferListenerAdapter - Downloaded https://repo.maven.apache.org/maven2/org/codehaus/plexus/plexus-archiver/4.4.0/plexus-archiver-4.4.0.pom
2024-04-10 15:50:21,667 [Worker-19: Creating maven-archetype-quickstart] INFO  o.e.m.c.i.e.AbstractTransferListenerAdapter - Downloading https://repo.maven.apache.org/maven2/org/apache/commons/commons-compress/1.21/commons-compress-1.21.pom
2024-04-10 15:50:21,705 [Worker-19: Creating maven-archetype-quickstart] INFO  o.e.m.c.i.e.AbstractTransferListenerAdapter - Downloaded https://repo.maven.apache.org/maven2/org/apache/commons/commons-compress/1.21/commons-compress-1.21.pom
2024-04-10 15:50:21,754 [Worker-19: Creating maven-archetype-quickstart] INFO  o.e.m.c.i.e.AbstractTransferListenerAdapter - Downloading https://repo.maven.apache.org/maven2/org/tukaani/xz/1.9/xz-1.9.pom
2024-04-10 15:50:21,774 [Worker-19: Creating maven-archetype-quickstart] INFO  o.e.m.c.i.e.AbstractTransferListenerAdapter - Downloaded https://repo.maven.apache.org/maven2/org/tukaani/xz/1.9/xz-1.9.pom
2024-04-10 15:50:21,819 [Worker-19: Creating maven-archetype-quickstart] INFO  o.e.m.c.i.e.AbstractTransferListenerAdapter - Downloading https://repo.maven.apache.org/maven2/org/codehaus/plexus/plexus-utils/3.4.2/plexus-utils-3.4.2.pom
2024-04-10 15:50:21,843 [Worker-19: Creating maven-archetype-quickstart] INFO  o.e.m.c.i.e.AbstractTransferListenerAdapter - Downloaded https://repo.maven.apache.org/maven2/org/codehaus/plexus/plexus-utils/3.4.2/plexus-utils-3.4.2.pom
2024-04-10 15:50:21,881 [Worker-19: Creating maven-archetype-quickstart] INFO  o.e.m.c.i.e.AbstractTransferListenerAdapter - Downloading https://repo.maven.apache.org/maven2/org/codehaus/plexus/plexus/8/plexus-8.pom
2024-04-10 15:50:21,910 [Worker-19: Creating maven-archetype-quickstart] INFO  o.e.m.c.i.e.AbstractTransferListenerAdapter - Downloaded https://repo.maven.apache.org/maven2/org/codehaus/plexus/plexus/8/plexus-8.pom
2024-04-10 15:50:21,971 [Worker-19: Creating maven-archetype-quickstart] INFO  o.e.m.c.i.e.AbstractTransferListenerAdapter - Downloading https://repo.maven.apache.org/maven2/org/apache/maven/shared/file-management/3.1.0/file-management-3.1.0.jar
2024-04-10 15:50:22,001 [Worker-19: Creating maven-archetype-quickstart] INFO  o.e.m.c.i.e.AbstractTransferListenerAdapter - Downloaded https://repo.maven.apache.org/maven2/org/apache/maven/shared/file-management/3.1.0/file-management-3.1.0.jar
2024-04-10 15:50:22,045 [BasicRepositoryConnector-repo.maven.apache.org-1-0] INFO  o.e.m.c.i.e.AbstractTransferListenerAdapter - Downloading https://repo.maven.apache.org/maven2/org/slf4j/slf4j-api/1.7.36/slf4j-api-1.7.36.jar
2024-04-10 15:50:22,046 [BasicRepositoryConnector-repo.maven.apache.org-1-3] INFO  o.e.m.c.i.e.AbstractTransferListenerAdapter - Downloading https://repo.maven.apache.org/maven2/org/codehaus/plexus/plexus-io/3.4.0/plexus-io-3.4.0.jar
2024-04-10 15:50:22,046 [BasicRepositoryConnector-repo.maven.apache.org-1-2] INFO  o.e.m.c.i.e.AbstractTransferListenerAdapter - Downloading https://repo.maven.apache.org/maven2/org/apache/maven/maven-archiver/3.6.0/maven-archiver-3.6.0.jar
2024-04-10 15:50:22,046 [BasicRepositoryConnector-repo.maven.apache.org-1-1] INFO  o.e.m.c.i.e.AbstractTransferListenerAdapter - Downloading https://repo.maven.apache.org/maven2/commons-io/commons-io/2.11.0/commons-io-2.11.0.jar
2024-04-10 15:50:22,053 [BasicRepositoryConnector-repo.maven.apache.org-1-4] INFO  o.e.m.c.i.e.AbstractTransferListenerAdapter - Downloading https://repo.maven.apache.org/maven2/javax/inject/javax.inject/1/javax.inject-1.jar
2024-04-10 15:50:22,078 [BasicRepositoryConnector-repo.maven.apache.org-1-2] INFO  o.e.m.c.i.e.AbstractTransferListenerAdapter - Downloaded https://repo.maven.apache.org/maven2/org/apache/maven/maven-archiver/3.6.0/maven-archiver-3.6.0.jar
2024-04-10 15:50:22,079 [BasicRepositoryConnector-repo.maven.apache.org-1-0] INFO  o.e.m.c.i.e.AbstractTransferListenerAdapter - Downloaded https://repo.maven.apache.org/maven2/org/slf4j/slf4j-api/1.7.36/slf4j-api-1.7.36.jar
2024-04-10 15:50:22,081 [BasicRepositoryConnector-repo.maven.apache.org-1-4] INFO  o.e.m.c.i.e.AbstractTransferListenerAdapter - Downloaded https://repo.maven.apache.org/maven2/javax/inject/javax.inject/1/javax.inject-1.jar
2024-04-10 15:50:22,098 [BasicRepositoryConnector-repo.maven.apache.org-1-3] INFO  o.e.m.c.i.e.AbstractTransferListenerAdapter - Downloaded https://repo.maven.apache.org/maven2/org/codehaus/plexus/plexus-io/3.4.0/plexus-io-3.4.0.jar
2024-04-10 15:50:22,102 [BasicRepositoryConnector-repo.maven.apache.org-1-2] INFO  o.e.m.c.i.e.AbstractTransferListenerAdapter - Downloading https://repo.maven.apache.org/maven2/org/codehaus/plexus/plexus-archiver/4.4.0/plexus-archiver-4.4.0.jar
2024-04-10 15:50:22,104 [BasicRepositoryConnector-repo.maven.apache.org-1-0] INFO  o.e.m.c.i.e.AbstractTransferListenerAdapter - Downloading https://repo.maven.apache.org/maven2/org/apache/commons/commons-compress/1.21/commons-compress-1.21.jar
2024-04-10 15:50:22,109 [BasicRepositoryConnector-repo.maven.apache.org-1-4] INFO  o.e.m.c.i.e.AbstractTransferListenerAdapter - Downloading https://repo.maven.apache.org/maven2/org/tukaani/xz/1.9/xz-1.9.jar
2024-04-10 15:50:22,127 [BasicRepositoryConnector-repo.maven.apache.org-1-3] INFO  o.e.m.c.i.e.AbstractTransferListenerAdapter - Downloading https://repo.maven.apache.org/maven2/org/codehaus/plexus/plexus-utils/3.4.2/plexus-utils-3.4.2.jar
2024-04-10 15:50:22,139 [BasicRepositoryConnector-repo.maven.apache.org-1-1] INFO  o.e.m.c.i.e.AbstractTransferListenerAdapter - Downloaded https://repo.maven.apache.org/maven2/commons-io/commons-io/2.11.0/commons-io-2.11.0.jar
2024-04-10 15:50:22,150 [BasicRepositoryConnector-repo.maven.apache.org-1-4] INFO  o.e.m.c.i.e.AbstractTransferListenerAdapter - Downloaded https://repo.maven.apache.org/maven2/org/tukaani/xz/1.9/xz-1.9.jar
2024-04-10 15:50:22,191 [BasicRepositoryConnector-repo.maven.apache.org-1-2] INFO  o.e.m.c.i.e.AbstractTransferListenerAdapter - Downloaded https://repo.maven.apache.org/maven2/org/codehaus/plexus/plexus-archiver/4.4.0/plexus-archiver-4.4.0.jar
2024-04-10 15:50:22,252 [BasicRepositoryConnector-repo.maven.apache.org-1-3] INFO  o.e.m.c.i.e.AbstractTransferListenerAdapter - Downloaded https://repo.maven.apache.org/maven2/org/codehaus/plexus/plexus-utils/3.4.2/plexus-utils-3.4.2.jar
2024-04-10 15:50:22,338 [BasicRepositoryConnector-repo.maven.apache.org-1-0] INFO  o.e.m.c.i.e.AbstractTransferListenerAdapter - Downloaded https://repo.maven.apache.org/maven2/org/apache/commons/commons-compress/1.21/commons-compress-1.21.jar
2024-04-10 15:50:23,190 [Worker-19: Creating maven-archetype-quickstart] INFO  o.e.m.c.i.e.AbstractTransferListenerAdapter - Downloading https://repo.maven.apache.org/maven2/org/codehaus/plexus/plexus-utils/3.5.1/plexus-utils-3.5.1.pom
2024-04-10 15:50:23,221 [Worker-19: Creating maven-archetype-quickstart] INFO  o.e.m.c.i.e.AbstractTransferListenerAdapter - Downloaded https://repo.maven.apache.org/maven2/org/codehaus/plexus/plexus-utils/3.5.1/plexus-utils-3.5.1.pom
2024-04-10 15:50:23,274 [Worker-19: Creating maven-archetype-quickstart] INFO  o.e.m.c.i.e.AbstractTransferListenerAdapter - Downloading https://repo.maven.apache.org/maven2/org/apache/maven/shared/maven-filtering/3.3.1/maven-filtering-3.3.1.pom
2024-04-10 15:50:23,299 [Worker-19: Creating maven-archetype-quickstart] INFO  o.e.m.c.i.e.AbstractTransferListenerAdapter - Downloaded https://repo.maven.apache.org/maven2/org/apache/maven/shared/maven-filtering/3.3.1/maven-filtering-3.3.1.pom
2024-04-10 15:50:23,344 [Worker-19: Creating maven-archetype-quickstart] INFO  o.e.m.c.i.e.AbstractTransferListenerAdapter - Downloading https://repo.maven.apache.org/maven2/org/apache/maven/shared/maven-shared-components/39/maven-shared-components-39.pom
2024-04-10 15:50:23,363 [Worker-19: Creating maven-archetype-quickstart] INFO  o.e.m.c.i.e.AbstractTransferListenerAdapter - Downloaded https://repo.maven.apache.org/maven2/org/apache/maven/shared/maven-shared-components/39/maven-shared-components-39.pom
2024-04-10 15:50:23,412 [Worker-19: Creating maven-archetype-quickstart] INFO  o.e.m.c.i.e.AbstractTransferListenerAdapter - Downloading https://repo.maven.apache.org/maven2/org/sonatype/plexus/plexus-build-api/0.0.7/plexus-build-api-0.0.7.pom
2024-04-10 15:50:23,430 [Worker-19: Creating maven-archetype-quickstart] INFO  o.e.m.c.i.e.AbstractTransferListenerAdapter - Downloaded https://repo.maven.apache.org/maven2/org/sonatype/plexus/plexus-build-api/0.0.7/plexus-build-api-0.0.7.pom
2024-04-10 15:50:23,464 [Worker-19: Creating maven-archetype-quickstart] INFO  o.e.m.c.i.e.AbstractTransferListenerAdapter - Downloading https://repo.maven.apache.org/maven2/org/sonatype/spice/spice-parent/15/spice-parent-15.pom
2024-04-10 15:50:23,485 [Worker-19: Creating maven-archetype-quickstart] INFO  o.e.m.c.i.e.AbstractTransferListenerAdapter - Downloaded https://repo.maven.apache.org/maven2/org/sonatype/spice/spice-parent/15/spice-parent-15.pom
2024-04-10 15:50:23,526 [Worker-19: Creating maven-archetype-quickstart] INFO  o.e.m.c.i.e.AbstractTransferListenerAdapter - Downloading https://repo.maven.apache.org/maven2/org/sonatype/forge/forge-parent/5/forge-parent-5.pom
2024-04-10 15:50:23,546 [Worker-19: Creating maven-archetype-quickstart] INFO  o.e.m.c.i.e.AbstractTransferListenerAdapter - Downloaded https://repo.maven.apache.org/maven2/org/sonatype/forge/forge-parent/5/forge-parent-5.pom
2024-04-10 15:50:23,589 [Worker-19: Creating maven-archetype-quickstart] INFO  o.e.m.c.i.e.AbstractTransferListenerAdapter - Downloading https://repo.maven.apache.org/maven2/org/apache/commons/commons-lang3/3.12.0/commons-lang3-3.12.0.pom
2024-04-10 15:50:23,619 [Worker-19: Creating maven-archetype-quickstart] INFO  o.e.m.c.i.e.AbstractTransferListenerAdapter - Downloaded https://repo.maven.apache.org/maven2/org/apache/commons/commons-lang3/3.12.0/commons-lang3-3.12.0.pom
2024-04-10 15:50:23,682 [Worker-19: Creating maven-archetype-quickstart] INFO  o.e.m.c.i.e.AbstractTransferListenerAdapter - Downloading https://repo.maven.apache.org/maven2/org/junit/junit-bom/5.7.1/junit-bom-5.7.1.pom
2024-04-10 15:50:23,710 [Worker-19: Creating maven-archetype-quickstart] INFO  o.e.m.c.i.e.AbstractTransferListenerAdapter - Downloaded https://repo.maven.apache.org/maven2/org/junit/junit-bom/5.7.1/junit-bom-5.7.1.pom
2024-04-10 15:50:23,773 [Worker-19: Creating maven-archetype-quickstart] INFO  o.e.m.c.i.e.AbstractTransferListenerAdapter - Downloading https://repo.maven.apache.org/maven2/org/codehaus/plexus/plexus-utils/3.5.1/plexus-utils-3.5.1.jar
2024-04-10 15:50:23,839 [Worker-19: Creating maven-archetype-quickstart] INFO  o.e.m.c.i.e.AbstractTransferListenerAdapter - Downloaded https://repo.maven.apache.org/maven2/org/codehaus/plexus/plexus-utils/3.5.1/plexus-utils-3.5.1.jar
2024-04-10 15:50:23,864 [BasicRepositoryConnector-repo.maven.apache.org-2-2] INFO  o.e.m.c.i.e.AbstractTransferListenerAdapter - Downloading https://repo.maven.apache.org/maven2/org/apache/commons/commons-lang3/3.12.0/commons-lang3-3.12.0.jar
2024-04-10 15:50:23,864 [BasicRepositoryConnector-repo.maven.apache.org-2-0] INFO  o.e.m.c.i.e.AbstractTransferListenerAdapter - Downloading https://repo.maven.apache.org/maven2/org/apache/maven/shared/maven-filtering/3.3.1/maven-filtering-3.3.1.jar
2024-04-10 15:50:23,864 [BasicRepositoryConnector-repo.maven.apache.org-2-1] INFO  o.e.m.c.i.e.AbstractTransferListenerAdapter - Downloading https://repo.maven.apache.org/maven2/org/sonatype/plexus/plexus-build-api/0.0.7/plexus-build-api-0.0.7.jar
2024-04-10 15:50:23,887 [BasicRepositoryConnector-repo.maven.apache.org-2-1] INFO  o.e.m.c.i.e.AbstractTransferListenerAdapter - Downloaded https://repo.maven.apache.org/maven2/org/sonatype/plexus/plexus-build-api/0.0.7/plexus-build-api-0.0.7.jar
2024-04-10 15:50:23,891 [BasicRepositoryConnector-repo.maven.apache.org-2-0] INFO  o.e.m.c.i.e.AbstractTransferListenerAdapter - Downloaded https://repo.maven.apache.org/maven2/org/apache/maven/shared/maven-filtering/3.3.1/maven-filtering-3.3.1.jar
2024-04-10 15:50:24,035 [BasicRepositoryConnector-repo.maven.apache.org-2-2] INFO  o.e.m.c.i.e.AbstractTransferListenerAdapter - Downloaded https://repo.maven.apache.org/maven2/org/apache/commons/commons-lang3/3.12.0/commons-lang3-3.12.0.jar
2024-04-10 15:50:24,046 [Worker-22: Download sources and javadoc] INFO  o.e.m.c.i.e.AbstractTransferListenerAdapter - Downloading https://repo.maven.apache.org/maven2/junit/junit/3.8.1/junit-3.8.1-sources.jar
2024-04-10 15:50:24,101 [Worker-22: Download sources and javadoc] INFO  o.e.m.c.i.e.AbstractTransferListenerAdapter - Downloaded https://repo.maven.apache.org/maven2/junit/junit/3.8.1/junit-3.8.1-sources.jar
2024-04-10 15:50:24,113 [Worker-22: Download sources and javadoc] INFO  o.e.m.j.internal.DownloadSourcesJob - Downloaded sources for junit:junit:3.8.1
2024-04-10 15:50:24,163 [Worker-19: Creating maven-archetype-quickstart] INFO  o.e.m.j.i.AbstractJavaProjectConfigurator - Adding source folder /onlineshop/src/main/java
2024-04-10 15:50:24,167 [Worker-19: Creating maven-archetype-quickstart] INFO  o.e.m.j.i.AbstractJavaProjectConfigurator - Adding resource folder /onlineshop/src/main/resources
2024-04-10 15:50:24,177 [Worker-19: Creating maven-archetype-quickstart] INFO  o.e.m.j.i.AbstractJavaProjectConfigurator - Adding source folder /onlineshop/src/test/java
2024-04-10 15:50:24,180 [Worker-19: Creating maven-archetype-quickstart] INFO  o.e.m.j.i.AbstractJavaProjectConfigurator - Adding resource folder /onlineshop/src/test/resources
2024-04-10 15:50:24,471 [Worker-19: Creating maven-archetype-quickstart] INFO  o.e.m.c.i.p.ProjectConfigurationManager - Imported and configured 1 project(s) in 9 sec
2024-04-10 15:50:27,228 [Worker-25: Building] INFO  o.a.m.s.f.DefaultMavenResourcesFiltering - skip non existing resourceDirectory C:\Users\rishikesh.kulkarni\Documents\Practice Exercises\Spring Hands-on Mastery - S1\onlineshop\src\main\resources
2024-04-10 15:50:27,243 [Worker-25: Building] INFO  o.a.m.s.f.DefaultMavenResourcesFiltering - skip non existing resourceDirectory C:\Users\rishikesh.kulkarni\Documents\Practice Exercises\Spring Hands-on Mastery - S1\onlineshop\src\test\resources
2024-04-10 15:59:14,467 [Worker-31: Building] INFO  o.a.m.s.f.DefaultMavenResourcesFiltering - Copying 0 resource from src\main\resources to target\classes
2024-04-10 15:59:14,477 [Worker-31: Building] INFO  o.a.m.s.f.DefaultMavenResourcesFiltering - skip non existing resourceDirectory C:\Users\rishikesh.kulkarni\Documents\Practice Exercises\Spring Hands-on Mastery - S1\onlineshop\src\test\resources
2024-04-10 15:59:36,348 [Worker-32: Building] INFO  o.a.m.s.f.DefaultMavenResourcesFiltering - Copying 1 resource from src\main\resources to target\classes
2024-04-10 15:59:36,368 [Worker-32: Building] INFO  o.a.m.s.f.DefaultMavenResourcesFiltering - skip non existing resourceDirectory C:\Users\rishikesh.kulkarni\Documents\Practice Exercises\Spring Hands-on Mastery - S1\onlineshop\src\test\resources
2024-04-10 21:56:36,220 [Worker-1: Loading available Gradle versions] INFO  o.e.b.c.i.u.g.PublishedGradleVersions - Gradle version information cache is not available. Remote download required.
2024-04-12 11:26:54,339 [Worker-1: Loading available Gradle versions] INFO  o.e.b.c.i.u.g.PublishedGradleVersions - Gradle version information cache is not available. Remote download required.
2024-04-12 11:30:12,800 [Worker-21: Launching mavenrun-ab468112-5e8e-45df-a0dc-8b9d9059e740] INFO  o.eclipse.m2e.core.internal.Bundles - getClasspathEntries(Bundle=org.eclipse.m2e.maven.runtime_3.9.600.20231203-1234 [637])
2024-04-12 11:30:12,810 [Worker-21: Launching mavenrun-ab468112-5e8e-45df-a0dc-8b9d9059e740] INFO  o.eclipse.m2e.core.internal.Bundles - 	Entry: C:\Users\rishikesh.kulkarni\.p2\pool\plugins\org.eclipse.m2e.maven.runtime_3.9.600.20231203-1234
2024-04-12 11:30:12,811 [Worker-21: Launching mavenrun-ab468112-5e8e-45df-a0dc-8b9d9059e740] INFO  o.eclipse.m2e.core.internal.Bundles - 	Entry: C:\Users\rishikesh.kulkarni\.p2\pool\plugins\org.eclipse.m2e.maven.runtime_3.9.600.20231203-1234\jars\aopalliance-1.0.jar
2024-04-12 11:30:12,812 [Worker-21: Launching mavenrun-ab468112-5e8e-45df-a0dc-8b9d9059e740] INFO  o.eclipse.m2e.core.internal.Bundles - 	Entry: C:\Users\rishikesh.kulkarni\.p2\pool\plugins\org.eclipse.m2e.maven.runtime_3.9.600.20231203-1234\jars\guice-5.1.0.jar
2024-04-12 11:30:12,813 [Worker-21: Launching mavenrun-ab468112-5e8e-45df-a0dc-8b9d9059e740] INFO  o.eclipse.m2e.core.internal.Bundles - 	Entry: C:\Users\rishikesh.kulkarni\.p2\pool\plugins\org.eclipse.m2e.maven.runtime_3.9.600.20231203-1234\jars\httpclient-4.5.14.jar
2024-04-12 11:30:12,814 [Worker-21: Launching mavenrun-ab468112-5e8e-45df-a0dc-8b9d9059e740] INFO  o.eclipse.m2e.core.internal.Bundles - 	Entry: C:\Users\rishikesh.kulkarni\.p2\pool\plugins\org.eclipse.m2e.maven.runtime_3.9.600.20231203-1234\jars\httpcore-4.4.16.jar
2024-04-12 11:30:12,815 [Worker-21: Launching mavenrun-ab468112-5e8e-45df-a0dc-8b9d9059e740] INFO  o.eclipse.m2e.core.internal.Bundles - 	Entry: C:\Users\rishikesh.kulkarni\.p2\pool\plugins\org.eclipse.m2e.maven.runtime_3.9.600.20231203-1234\jars\jansi-2.4.0.jar
2024-04-12 11:30:12,816 [Worker-21: Launching mavenrun-ab468112-5e8e-45df-a0dc-8b9d9059e740] INFO  o.eclipse.m2e.core.internal.Bundles - 	Entry: C:\Users\rishikesh.kulkarni\.p2\pool\plugins\org.eclipse.m2e.maven.runtime_3.9.600.20231203-1234\jars\jcl-over-slf4j-1.7.36.jar
2024-04-12 11:30:12,816 [Worker-21: Launching mavenrun-ab468112-5e8e-45df-a0dc-8b9d9059e740] INFO  o.eclipse.m2e.core.internal.Bundles - 	Entry: C:\Users\rishikesh.kulkarni\.p2\pool\plugins\org.eclipse.m2e.maven.runtime_3.9.600.20231203-1234\jars\maven-artifact-3.9.6.jar
2024-04-12 11:30:12,817 [Worker-21: Launching mavenrun-ab468112-5e8e-45df-a0dc-8b9d9059e740] INFO  o.eclipse.m2e.core.internal.Bundles - 	Entry: C:\Users\rishikesh.kulkarni\.p2\pool\plugins\org.eclipse.m2e.maven.runtime_3.9.600.20231203-1234\jars\maven-builder-support-3.9.6.jar
2024-04-12 11:30:12,819 [Worker-21: Launching mavenrun-ab468112-5e8e-45df-a0dc-8b9d9059e740] INFO  o.eclipse.m2e.core.internal.Bundles - 	Entry: C:\Users\rishikesh.kulkarni\.p2\pool\plugins\org.eclipse.m2e.maven.runtime_3.9.600.20231203-1234\jars\maven-compat-3.9.6.jar
2024-04-12 11:30:12,820 [Worker-21: Launching mavenrun-ab468112-5e8e-45df-a0dc-8b9d9059e740] INFO  o.eclipse.m2e.core.internal.Bundles - 	Entry: C:\Users\rishikesh.kulkarni\.p2\pool\plugins\org.eclipse.m2e.maven.runtime_3.9.600.20231203-1234\jars\maven-core-3.9.6.jar
2024-04-12 11:30:12,821 [Worker-21: Launching mavenrun-ab468112-5e8e-45df-a0dc-8b9d9059e740] INFO  o.eclipse.m2e.core.internal.Bundles - 	Entry: C:\Users\rishikesh.kulkarni\.p2\pool\plugins\org.eclipse.m2e.maven.runtime_3.9.600.20231203-1234\jars\maven-embedder-3.9.6.jar
2024-04-12 11:30:12,822 [Worker-21: Launching mavenrun-ab468112-5e8e-45df-a0dc-8b9d9059e740] INFO  o.eclipse.m2e.core.internal.Bundles - 	Entry: C:\Users\rishikesh.kulkarni\.p2\pool\plugins\org.eclipse.m2e.maven.runtime_3.9.600.20231203-1234\jars\maven-model-3.9.6.jar
2024-04-12 11:30:12,823 [Worker-21: Launching mavenrun-ab468112-5e8e-45df-a0dc-8b9d9059e740] INFO  o.eclipse.m2e.core.internal.Bundles - 	Entry: C:\Users\rishikesh.kulkarni\.p2\pool\plugins\org.eclipse.m2e.maven.runtime_3.9.600.20231203-1234\jars\maven-model-builder-3.9.6.jar
2024-04-12 11:30:12,824 [Worker-21: Launching mavenrun-ab468112-5e8e-45df-a0dc-8b9d9059e740] INFO  o.eclipse.m2e.core.internal.Bundles - 	Entry: C:\Users\rishikesh.kulkarni\.p2\pool\plugins\org.eclipse.m2e.maven.runtime_3.9.600.20231203-1234\jars\maven-plugin-api-3.9.6.jar
2024-04-12 11:30:12,825 [Worker-21: Launching mavenrun-ab468112-5e8e-45df-a0dc-8b9d9059e740] INFO  o.eclipse.m2e.core.internal.Bundles - 	Entry: C:\Users\rishikesh.kulkarni\.p2\pool\plugins\org.eclipse.m2e.maven.runtime_3.9.600.20231203-1234\jars\maven-repository-metadata-3.9.6.jar
2024-04-12 11:30:12,827 [Worker-21: Launching mavenrun-ab468112-5e8e-45df-a0dc-8b9d9059e740] INFO  o.eclipse.m2e.core.internal.Bundles - 	Entry: C:\Users\rishikesh.kulkarni\.p2\pool\plugins\org.eclipse.m2e.maven.runtime_3.9.600.20231203-1234\jars\maven-resolver-api-1.9.18.jar
2024-04-12 11:30:12,828 [Worker-21: Launching mavenrun-ab468112-5e8e-45df-a0dc-8b9d9059e740] INFO  o.eclipse.m2e.core.internal.Bundles - 	Entry: C:\Users\rishikesh.kulkarni\.p2\pool\plugins\org.eclipse.m2e.maven.runtime_3.9.600.20231203-1234\jars\maven-resolver-connector-basic-1.9.18.jar
2024-04-12 11:30:12,829 [Worker-21: Launching mavenrun-ab468112-5e8e-45df-a0dc-8b9d9059e740] INFO  o.eclipse.m2e.core.internal.Bundles - 	Entry: C:\Users\rishikesh.kulkarni\.p2\pool\plugins\org.eclipse.m2e.maven.runtime_3.9.600.20231203-1234\jars\maven-resolver-impl-1.9.18.jar
2024-04-12 11:30:12,830 [Worker-21: Launching mavenrun-ab468112-5e8e-45df-a0dc-8b9d9059e740] INFO  o.eclipse.m2e.core.internal.Bundles - 	Entry: C:\Users\rishikesh.kulkarni\.p2\pool\plugins\org.eclipse.m2e.maven.runtime_3.9.600.20231203-1234\jars\maven-resolver-named-locks-1.9.18.jar
2024-04-12 11:30:12,830 [Worker-21: Launching mavenrun-ab468112-5e8e-45df-a0dc-8b9d9059e740] INFO  o.eclipse.m2e.core.internal.Bundles - 	Entry: C:\Users\rishikesh.kulkarni\.p2\pool\plugins\org.eclipse.m2e.maven.runtime_3.9.600.20231203-1234\jars\maven-resolver-provider-3.9.6.jar
2024-04-12 11:30:12,831 [Worker-21: Launching mavenrun-ab468112-5e8e-45df-a0dc-8b9d9059e740] INFO  o.eclipse.m2e.core.internal.Bundles - 	Entry: C:\Users\rishikesh.kulkarni\.p2\pool\plugins\org.eclipse.m2e.maven.runtime_3.9.600.20231203-1234\jars\maven-resolver-spi-1.9.18.jar
2024-04-12 11:30:12,832 [Worker-21: Launching mavenrun-ab468112-5e8e-45df-a0dc-8b9d9059e740] INFO  o.eclipse.m2e.core.internal.Bundles - 	Entry: C:\Users\rishikesh.kulkarni\.p2\pool\plugins\org.eclipse.m2e.maven.runtime_3.9.600.20231203-1234\jars\maven-resolver-transport-file-1.9.18.jar
2024-04-12 11:30:12,832 [Worker-21: Launching mavenrun-ab468112-5e8e-45df-a0dc-8b9d9059e740] INFO  o.eclipse.m2e.core.internal.Bundles - 	Entry: C:\Users\rishikesh.kulkarni\.p2\pool\plugins\org.eclipse.m2e.maven.runtime_3.9.600.20231203-1234\jars\maven-resolver-transport-http-1.9.18.jar
2024-04-12 11:30:12,833 [Worker-21: Launching mavenrun-ab468112-5e8e-45df-a0dc-8b9d9059e740] INFO  o.eclipse.m2e.core.internal.Bundles - 	Entry: C:\Users\rishikesh.kulkarni\.p2\pool\plugins\org.eclipse.m2e.maven.runtime_3.9.600.20231203-1234\jars\maven-resolver-transport-wagon-1.9.18.jar
2024-04-12 11:30:12,834 [Worker-21: Launching mavenrun-ab468112-5e8e-45df-a0dc-8b9d9059e740] INFO  o.eclipse.m2e.core.internal.Bundles - 	Entry: C:\Users\rishikesh.kulkarni\.p2\pool\plugins\org.eclipse.m2e.maven.runtime_3.9.600.20231203-1234\jars\maven-resolver-util-1.9.18.jar
2024-04-12 11:30:12,835 [Worker-21: Launching mavenrun-ab468112-5e8e-45df-a0dc-8b9d9059e740] INFO  o.eclipse.m2e.core.internal.Bundles - 	Entry: C:\Users\rishikesh.kulkarni\.p2\pool\plugins\org.eclipse.m2e.maven.runtime_3.9.600.20231203-1234\jars\maven-settings-3.9.6.jar
2024-04-12 11:30:12,835 [Worker-21: Launching mavenrun-ab468112-5e8e-45df-a0dc-8b9d9059e740] INFO  o.eclipse.m2e.core.internal.Bundles - 	Entry: C:\Users\rishikesh.kulkarni\.p2\pool\plugins\org.eclipse.m2e.maven.runtime_3.9.600.20231203-1234\jars\maven-settings-builder-3.9.6.jar
2024-04-12 11:30:12,836 [Worker-21: Launching mavenrun-ab468112-5e8e-45df-a0dc-8b9d9059e740] INFO  o.eclipse.m2e.core.internal.Bundles - 	Entry: C:\Users\rishikesh.kulkarni\.p2\pool\plugins\org.eclipse.m2e.maven.runtime_3.9.600.20231203-1234\jars\maven-shared-utils-3.3.4.jar
2024-04-12 11:30:12,837 [Worker-21: Launching mavenrun-ab468112-5e8e-45df-a0dc-8b9d9059e740] INFO  o.eclipse.m2e.core.internal.Bundles - 	Entry: C:\Users\rishikesh.kulkarni\.p2\pool\plugins\org.eclipse.m2e.maven.runtime_3.9.600.20231203-1234\jars\org.eclipse.sisu.inject-0.9.0.M2.jar
2024-04-12 11:30:12,837 [Worker-21: Launching mavenrun-ab468112-5e8e-45df-a0dc-8b9d9059e740] INFO  o.eclipse.m2e.core.internal.Bundles - 	Entry: C:\Users\rishikesh.kulkarni\.p2\pool\plugins\org.eclipse.m2e.maven.runtime_3.9.600.20231203-1234\jars\org.eclipse.sisu.plexus-0.9.0.M2.jar
2024-04-12 11:30:12,838 [Worker-21: Launching mavenrun-ab468112-5e8e-45df-a0dc-8b9d9059e740] INFO  o.eclipse.m2e.core.internal.Bundles - 	Entry: C:\Users\rishikesh.kulkarni\.p2\pool\plugins\org.eclipse.m2e.maven.runtime_3.9.600.20231203-1234\jars\plexus-build-api-0.0.7.jar
2024-04-12 11:30:12,839 [Worker-21: Launching mavenrun-ab468112-5e8e-45df-a0dc-8b9d9059e740] INFO  o.eclipse.m2e.core.internal.Bundles - 	Entry: C:\Users\rishikesh.kulkarni\.p2\pool\plugins\org.eclipse.m2e.maven.runtime_3.9.600.20231203-1234\jars\plexus-cipher-2.0.jar
2024-04-12 11:30:12,841 [Worker-21: Launching mavenrun-ab468112-5e8e-45df-a0dc-8b9d9059e740] INFO  o.eclipse.m2e.core.internal.Bundles - 	Entry: C:\Users\rishikesh.kulkarni\.p2\pool\plugins\org.eclipse.m2e.maven.runtime_3.9.600.20231203-1234\jars\plexus-classworlds-2.7.0.jar
2024-04-12 11:30:12,842 [Worker-21: Launching mavenrun-ab468112-5e8e-45df-a0dc-8b9d9059e740] INFO  o.eclipse.m2e.core.internal.Bundles - 	Entry: C:\Users\rishikesh.kulkarni\.p2\pool\plugins\org.eclipse.m2e.maven.runtime_3.9.600.20231203-1234\jars\plexus-component-annotations-2.1.0.jar
2024-04-12 11:30:12,843 [Worker-21: Launching mavenrun-ab468112-5e8e-45df-a0dc-8b9d9059e740] INFO  o.eclipse.m2e.core.internal.Bundles - 	Entry: C:\Users\rishikesh.kulkarni\.p2\pool\plugins\org.eclipse.m2e.maven.runtime_3.9.600.20231203-1234\jars\plexus-interpolation-1.26.jar
2024-04-12 11:30:12,843 [Worker-21: Launching mavenrun-ab468112-5e8e-45df-a0dc-8b9d9059e740] INFO  o.eclipse.m2e.core.internal.Bundles - 	Entry: C:\Users\rishikesh.kulkarni\.p2\pool\plugins\org.eclipse.m2e.maven.runtime_3.9.600.20231203-1234\jars\plexus-sec-dispatcher-2.0.jar
2024-04-12 11:30:12,844 [Worker-21: Launching mavenrun-ab468112-5e8e-45df-a0dc-8b9d9059e740] INFO  o.eclipse.m2e.core.internal.Bundles - 	Entry: C:\Users\rishikesh.kulkarni\.p2\pool\plugins\org.eclipse.m2e.maven.runtime_3.9.600.20231203-1234\jars\plexus-utils-3.5.1.jar
2024-04-12 11:30:12,845 [Worker-21: Launching mavenrun-ab468112-5e8e-45df-a0dc-8b9d9059e740] INFO  o.eclipse.m2e.core.internal.Bundles - 	Entry: C:\Users\rishikesh.kulkarni\.p2\pool\plugins\org.eclipse.m2e.maven.runtime_3.9.600.20231203-1234\jars\wagon-file-3.5.3.jar
2024-04-12 11:30:12,846 [Worker-21: Launching mavenrun-ab468112-5e8e-45df-a0dc-8b9d9059e740] INFO  o.eclipse.m2e.core.internal.Bundles - 	Entry: C:\Users\rishikesh.kulkarni\.p2\pool\plugins\org.eclipse.m2e.maven.runtime_3.9.600.20231203-1234\jars\wagon-http-3.5.3.jar
2024-04-12 11:30:12,846 [Worker-21: Launching mavenrun-ab468112-5e8e-45df-a0dc-8b9d9059e740] INFO  o.eclipse.m2e.core.internal.Bundles - 	Entry: C:\Users\rishikesh.kulkarni\.p2\pool\plugins\org.eclipse.m2e.maven.runtime_3.9.600.20231203-1234\jars\wagon-http-shared-3.5.3.jar
2024-04-12 11:30:12,847 [Worker-21: Launching mavenrun-ab468112-5e8e-45df-a0dc-8b9d9059e740] INFO  o.eclipse.m2e.core.internal.Bundles - 	Entry: C:\Users\rishikesh.kulkarni\.p2\pool\plugins\org.eclipse.m2e.maven.runtime_3.9.600.20231203-1234\jars\wagon-provider-api-3.5.3.jar
2024-04-12 11:30:12,852 [Worker-21: Launching mavenrun-ab468112-5e8e-45df-a0dc-8b9d9059e740] INFO  o.eclipse.m2e.core.internal.Bundles - getClasspathEntries(Bundle=com.google.guava_33.0.0.jre [14])
2024-04-12 11:30:12,854 [Worker-21: Launching mavenrun-ab468112-5e8e-45df-a0dc-8b9d9059e740] INFO  o.eclipse.m2e.core.internal.Bundles - 	Entry: C:\Users\rishikesh.kulkarni\.p2\pool\plugins\com.google.guava_33.0.0.jre.jar
2024-04-12 11:30:12,854 [Worker-21: Launching mavenrun-ab468112-5e8e-45df-a0dc-8b9d9059e740] INFO  o.eclipse.m2e.core.internal.Bundles - getClasspathEntries(Bundle=slf4j.api_2.0.12 [1000])
2024-04-12 11:30:12,856 [Worker-21: Launching mavenrun-ab468112-5e8e-45df-a0dc-8b9d9059e740] INFO  o.eclipse.m2e.core.internal.Bundles - 	Entry: C:\Users\rishikesh.kulkarni\.p2\pool\plugins\slf4j.api_2.0.12.jar
2024-04-12 11:30:12,857 [Worker-21: Launching mavenrun-ab468112-5e8e-45df-a0dc-8b9d9059e740] INFO  o.eclipse.m2e.core.internal.Bundles - getClasspathEntries(Bundle=jakarta.inject.jakarta.inject-api_1.0.5 [32])
2024-04-12 11:30:12,859 [Worker-21: Launching mavenrun-ab468112-5e8e-45df-a0dc-8b9d9059e740] INFO  o.eclipse.m2e.core.internal.Bundles - 	Entry: C:\Users\rishikesh.kulkarni\.p2\pool\plugins\jakarta.inject.jakarta.inject-api_1.0.5.jar
2024-04-12 11:30:12,859 [Worker-21: Launching mavenrun-ab468112-5e8e-45df-a0dc-8b9d9059e740] INFO  o.eclipse.m2e.core.internal.Bundles - getClasspathEntries(Bundle=jakarta.annotation-api_1.3.5 [27])
2024-04-12 11:30:12,861 [Worker-21: Launching mavenrun-ab468112-5e8e-45df-a0dc-8b9d9059e740] INFO  o.eclipse.m2e.core.internal.Bundles - 	Entry: C:\Users\rishikesh.kulkarni\.p2\pool\plugins\jakarta.annotation-api_1.3.5.jar
2024-04-12 11:30:12,861 [Worker-21: Launching mavenrun-ab468112-5e8e-45df-a0dc-8b9d9059e740] INFO  o.eclipse.m2e.core.internal.Bundles - getClasspathEntries(Bundle=org.apache.commons.cli_1.6.0 [75])
2024-04-12 11:30:12,863 [Worker-21: Launching mavenrun-ab468112-5e8e-45df-a0dc-8b9d9059e740] INFO  o.eclipse.m2e.core.internal.Bundles - 	Entry: C:\Users\rishikesh.kulkarni\.p2\pool\plugins\org.apache.commons.cli_1.6.0.jar
2024-04-12 11:30:12,863 [Worker-21: Launching mavenrun-ab468112-5e8e-45df-a0dc-8b9d9059e740] INFO  o.eclipse.m2e.core.internal.Bundles - getClasspathEntries(Bundle=org.apache.commons.commons-codec_1.16.0 [78])
2024-04-12 11:30:12,864 [Worker-21: Launching mavenrun-ab468112-5e8e-45df-a0dc-8b9d9059e740] INFO  o.eclipse.m2e.core.internal.Bundles - 	Entry: C:\Users\rishikesh.kulkarni\.p2\pool\plugins\org.apache.commons.commons-codec_1.16.0.jar
2024-04-12 11:30:12,865 [Worker-21: Launching mavenrun-ab468112-5e8e-45df-a0dc-8b9d9059e740] INFO  o.eclipse.m2e.core.internal.Bundles - getClasspathEntries(Bundle=org.apache.commons.lang3_3.14.0 [86])
2024-04-12 11:30:12,866 [Worker-21: Launching mavenrun-ab468112-5e8e-45df-a0dc-8b9d9059e740] INFO  o.eclipse.m2e.core.internal.Bundles - 	Entry: C:\Users\rishikesh.kulkarni\.p2\pool\plugins\org.apache.commons.lang3_3.14.0.jar
2024-04-12 11:30:12,867 [Worker-21: Launching mavenrun-ab468112-5e8e-45df-a0dc-8b9d9059e740] INFO  o.eclipse.m2e.core.internal.Bundles - getClasspathEntries(Bundle=com.google.guava.failureaccess_1.0.2 [15])
2024-04-12 11:30:12,868 [Worker-21: Launching mavenrun-ab468112-5e8e-45df-a0dc-8b9d9059e740] INFO  o.eclipse.m2e.core.internal.Bundles - 	Entry: C:\Users\rishikesh.kulkarni\.p2\pool\plugins\com.google.guava.failureaccess_1.0.2.jar
2024-04-12 11:30:12,880 [Worker-21: Launching mavenrun-ab468112-5e8e-45df-a0dc-8b9d9059e740] INFO  o.e.m.i.launch.MavenLaunchDelegate - Run build in "C:\Users\RISHIK~1.KUL\AppData\Local\Temp\m2e-archetypeGenerator2869353726177408546":
2024-04-12 11:30:12,888 [Worker-21: Launching mavenrun-ab468112-5e8e-45df-a0dc-8b9d9059e740] INFO  o.e.m.i.launch.MavenLaunchDelegate -  mvn  -DarchetypeGroupId=org.apache.maven.archetypes -DarchetypeArtifactId=maven-archetype-quickstart -DarchetypeVersion=1.1 -DgroupId=com.example -DartifactId=D01P01 -Dversion=0.0.1-SNAPSHOT -Dpackage=com.example -DoutputDirectory="C:\Users\rishikesh.kulkarni\Documents\Practice Exercises\Spring Hands-on Mastery - S1" -Dstyle.color=always -U archetype:generate
2024-04-12 11:30:41,273 [Worker-14: Creating maven-archetype-quickstart] INFO  o.e.m.c.i.p.ProjectConfigurationManager - Collecting project info '/pom.xml' C:\Users\rishikesh.kulkarni\Documents\Practice Exercises\Spring Hands-on Mastery - S1\D01P01\pom.xml
2024-04-12 11:30:42,475 [Worker-14: Creating maven-archetype-quickstart] INFO  o.e.m.c.i.l.LifecycleMappingFactory - Using org.eclipse.m2e.jdt.JarLifecycleMapping lifecycle mapping for MavenProject: com.example:D01P01:0.0.1-SNAPSHOT @ C:\Users\rishikesh.kulkarni\Documents\Practice Exercises\Spring Hands-on Mastery - S1\D01P01\pom.xml.
2024-04-12 11:30:43,909 [Worker-14: Creating maven-archetype-quickstart] INFO  o.e.m.j.i.AbstractJavaProjectConfigurator - Adding source folder /D01P01/src/main/java
2024-04-12 11:30:43,913 [Worker-14: Creating maven-archetype-quickstart] INFO  o.e.m.j.i.AbstractJavaProjectConfigurator - Adding resource folder /D01P01/src/main/resources
2024-04-12 11:30:43,924 [Worker-14: Creating maven-archetype-quickstart] INFO  o.e.m.j.i.AbstractJavaProjectConfigurator - Adding source folder /D01P01/src/test/java
2024-04-12 11:30:43,926 [Worker-14: Creating maven-archetype-quickstart] INFO  o.e.m.j.i.AbstractJavaProjectConfigurator - Adding resource folder /D01P01/src/test/resources
2024-04-12 11:30:44,066 [Worker-14: Creating maven-archetype-quickstart] INFO  o.e.m.c.i.p.ProjectConfigurationManager - Imported and configured 1 project(s) in 2 sec
2024-04-12 11:30:44,770 [Worker-23: Building] INFO  o.a.m.s.f.DefaultMavenResourcesFiltering - skip non existing resourceDirectory C:\Users\rishikesh.kulkarni\Documents\Practice Exercises\Spring Hands-on Mastery - S1\D01P01\src\main\resources
2024-04-12 11:30:44,780 [Worker-23: Building] INFO  o.a.m.s.f.DefaultMavenResourcesFiltering - skip non existing resourceDirectory C:\Users\rishikesh.kulkarni\Documents\Practice Exercises\Spring Hands-on Mastery - S1\D01P01\src\test\resources
2024-04-12 11:31:14,566 [Worker-21: Building] INFO  o.a.m.s.f.DefaultMavenResourcesFiltering - skip non existing resourceDirectory C:\Users\rishikesh.kulkarni\Documents\Practice Exercises\Spring Hands-on Mastery - S1\D01P01\src\main\resources
2024-04-12 11:31:14,574 [Worker-21: Building] INFO  o.a.m.s.f.DefaultMavenResourcesFiltering - skip non existing resourceDirectory C:\Users\rishikesh.kulkarni\Documents\Practice Exercises\Spring Hands-on Mastery - S1\D01P01\src\test\resources
2024-04-12 11:32:04,513 [Worker-24: Building] INFO  o.a.m.s.f.DefaultMavenResourcesFiltering - skip non existing resourceDirectory C:\Users\rishikesh.kulkarni\Documents\Practice Exercises\Spring Hands-on Mastery - S1\D01P01\src\main\resources
2024-04-12 11:32:04,530 [Worker-24: Building] INFO  o.a.m.s.f.DefaultMavenResourcesFiltering - skip non existing resourceDirectory C:\Users\rishikesh.kulkarni\Documents\Practice Exercises\Spring Hands-on Mastery - S1\D01P01\src\test\resources
2024-04-12 11:32:24,364 [Worker-22: Building] INFO  o.a.m.s.f.DefaultMavenResourcesFiltering - skip non existing resourceDirectory C:\Users\rishikesh.kulkarni\Documents\Practice Exercises\Spring Hands-on Mastery - S1\D01P01\src\main\resources
2024-04-12 11:32:24,371 [Worker-22: Building] INFO  o.a.m.s.f.DefaultMavenResourcesFiltering - skip non existing resourceDirectory C:\Users\rishikesh.kulkarni\Documents\Practice Exercises\Spring Hands-on Mastery - S1\D01P01\src\test\resources
2024-04-12 11:32:36,177 [Worker-19: Building] INFO  o.a.m.s.f.DefaultMavenResourcesFiltering - skip non existing resourceDirectory C:\Users\rishikesh.kulkarni\Documents\Practice Exercises\Spring Hands-on Mastery - S1\D01P01\src\main\resources
2024-04-12 11:32:36,183 [Worker-19: Building] INFO  o.a.m.s.f.DefaultMavenResourcesFiltering - skip non existing resourceDirectory C:\Users\rishikesh.kulkarni\Documents\Practice Exercises\Spring Hands-on Mastery - S1\D01P01\src\test\resources
2024-04-12 11:33:51,740 [Worker-22: Building] INFO  o.a.m.s.f.DefaultMavenResourcesFiltering - skip non existing resourceDirectory C:\Users\rishikesh.kulkarni\Documents\Practice Exercises\Spring Hands-on Mastery - S1\D01P01\src\main\resources
2024-04-12 11:33:51,748 [Worker-22: Building] INFO  o.a.m.s.f.DefaultMavenResourcesFiltering - skip non existing resourceDirectory C:\Users\rishikesh.kulkarni\Documents\Practice Exercises\Spring Hands-on Mastery - S1\D01P01\src\test\resources
2024-04-12 11:34:04,646 [Worker-22: Building] INFO  o.a.m.s.f.DefaultMavenResourcesFiltering - skip non existing resourceDirectory C:\Users\rishikesh.kulkarni\Documents\Practice Exercises\Spring Hands-on Mastery - S1\D01P01\src\main\resources
2024-04-12 11:34:04,651 [Worker-22: Building] INFO  o.a.m.s.f.DefaultMavenResourcesFiltering - skip non existing resourceDirectory C:\Users\rishikesh.kulkarni\Documents\Practice Exercises\Spring Hands-on Mastery - S1\D01P01\src\test\resources
2024-04-12 11:34:52,231 [Worker-21: Building] INFO  o.a.m.s.f.DefaultMavenResourcesFiltering - skip non existing resourceDirectory C:\Users\rishikesh.kulkarni\Documents\Practice Exercises\Spring Hands-on Mastery - S1\D01P01\src\main\resources
2024-04-12 11:34:52,240 [Worker-21: Building] INFO  o.a.m.s.f.DefaultMavenResourcesFiltering - skip non existing resourceDirectory C:\Users\rishikesh.kulkarni\Documents\Practice Exercises\Spring Hands-on Mastery - S1\D01P01\src\test\resources
2024-04-12 11:35:07,860 [Worker-22: Building] INFO  o.a.m.s.f.DefaultMavenResourcesFiltering - skip non existing resourceDirectory C:\Users\rishikesh.kulkarni\Documents\Practice Exercises\Spring Hands-on Mastery - S1\D01P01\src\main\resources
2024-04-12 11:35:07,865 [Worker-22: Building] INFO  o.a.m.s.f.DefaultMavenResourcesFiltering - skip non existing resourceDirectory C:\Users\rishikesh.kulkarni\Documents\Practice Exercises\Spring Hands-on Mastery - S1\D01P01\src\test\resources
2024-04-12 11:35:15,992 [Worker-22: Building] INFO  o.a.m.s.f.DefaultMavenResourcesFiltering - skip non existing resourceDirectory C:\Users\rishikesh.kulkarni\Documents\Practice Exercises\Spring Hands-on Mastery - S1\D01P01\src\main\resources
2024-04-12 11:35:15,998 [Worker-22: Building] INFO  o.a.m.s.f.DefaultMavenResourcesFiltering - skip non existing resourceDirectory C:\Users\rishikesh.kulkarni\Documents\Practice Exercises\Spring Hands-on Mastery - S1\D01P01\src\test\resources
2024-04-12 11:36:03,022 [Worker-22: Building] INFO  o.a.m.s.f.DefaultMavenResourcesFiltering - Copying 0 resource from src\main\resources to target\classes
2024-04-12 11:36:03,027 [Worker-22: Building] INFO  o.a.m.s.f.DefaultMavenResourcesFiltering - skip non existing resourceDirectory C:\Users\rishikesh.kulkarni\Documents\Practice Exercises\Spring Hands-on Mastery - S1\D01P01\src\test\resources
2024-04-12 11:36:27,250 [Worker-23: Building] INFO  o.a.m.s.f.DefaultMavenResourcesFiltering - Copying 1 resource from src\main\resources to target\classes
2024-04-12 11:36:27,267 [Worker-23: Building] INFO  o.a.m.s.f.DefaultMavenResourcesFiltering - skip non existing resourceDirectory C:\Users\rishikesh.kulkarni\Documents\Practice Exercises\Spring Hands-on Mastery - S1\D01P01\src\test\resources
2024-04-12 11:37:54,745 [Worker-14: Building] INFO  o.a.m.s.f.DefaultMavenResourcesFiltering - Copying 1 resource from src\main\resources to target\classes
2024-04-12 11:37:54,753 [Worker-14: Building] INFO  o.a.m.s.f.DefaultMavenResourcesFiltering - skip non existing resourceDirectory C:\Users\rishikesh.kulkarni\Documents\Practice Exercises\Spring Hands-on Mastery - S1\D01P01\src\test\resources
2024-04-12 11:38:22,666 [Worker-22: Building] INFO  o.a.m.s.f.DefaultMavenResourcesFiltering - Copying 1 resource from src\main\resources to target\classes
2024-04-12 11:38:22,671 [Worker-22: Building] INFO  o.a.m.s.f.DefaultMavenResourcesFiltering - skip non existing resourceDirectory C:\Users\rishikesh.kulkarni\Documents\Practice Exercises\Spring Hands-on Mastery - S1\D01P01\src\test\resources
2024-04-12 11:38:43,407 [Worker-14: Building] INFO  o.a.m.s.f.DefaultMavenResourcesFiltering - Copying 1 resource from src\main\resources to target\classes
2024-04-12 11:38:43,412 [Worker-14: Building] INFO  o.a.m.s.f.DefaultMavenResourcesFiltering - skip non existing resourceDirectory C:\Users\rishikesh.kulkarni\Documents\Practice Exercises\Spring Hands-on Mastery - S1\D01P01\src\test\resources
2024-04-12 11:40:05,371 [Worker-22: Building] INFO  o.a.m.s.f.DefaultMavenResourcesFiltering - Copying 1 resource from src\main\resources to target\classes
2024-04-12 11:40:05,386 [Worker-22: Building] INFO  o.a.m.s.f.DefaultMavenResourcesFiltering - skip non existing resourceDirectory C:\Users\rishikesh.kulkarni\Documents\Practice Exercises\Spring Hands-on Mastery - S1\D01P01\src\test\resources
2024-04-12 11:45:21,889 [Worker-23: Building] INFO  o.a.m.s.f.DefaultMavenResourcesFiltering - Copying 1 resource from src\main\resources to target\classes
2024-04-12 11:45:21,906 [Worker-23: Building] INFO  o.a.m.s.f.DefaultMavenResourcesFiltering - skip non existing resourceDirectory C:\Users\rishikesh.kulkarni\Documents\Practice Exercises\Spring Hands-on Mastery - S1\D01P01\src\test\resources
2024-04-12 11:47:32,640 [Worker-28: Building] INFO  o.e.m.c.i.l.LifecycleMappingFactory - Using org.eclipse.m2e.jdt.JarLifecycleMapping lifecycle mapping for MavenProject: com.example:D01P01:0.0.1-SNAPSHOT @ C:\Users\rishikesh.kulkarni\Documents\Practice Exercises\Spring Hands-on Mastery - S1\D01P01\pom.xml.
2024-04-12 11:47:33,127 [Worker-28: Building] INFO  o.e.m.c.i.e.AbstractTransferListenerAdapter - Downloading https://repo.maven.apache.org/maven2/org/springframework/spring-context/5.3.20/spring-context-5.3.20.pom
2024-04-12 11:47:33,162 [Worker-28: Building] INFO  o.e.m.c.i.e.AbstractTransferListenerAdapter - Downloaded https://repo.maven.apache.org/maven2/org/springframework/spring-context/5.3.20/spring-context-5.3.20.pom
2024-04-12 11:47:33,313 [Worker-28: Building] INFO  o.e.m.c.i.e.AbstractTransferListenerAdapter - Downloading https://repo.maven.apache.org/maven2/org/springframework/spring-aop/5.3.20/spring-aop-5.3.20.pom
2024-04-12 11:47:33,339 [Worker-28: Building] INFO  o.e.m.c.i.e.AbstractTransferListenerAdapter - Downloaded https://repo.maven.apache.org/maven2/org/springframework/spring-aop/5.3.20/spring-aop-5.3.20.pom
2024-04-12 11:47:33,448 [Worker-28: Building] INFO  o.e.m.c.i.e.AbstractTransferListenerAdapter - Downloading https://repo.maven.apache.org/maven2/org/springframework/spring-beans/5.3.20/spring-beans-5.3.20.pom
2024-04-12 11:47:33,474 [Worker-28: Building] INFO  o.e.m.c.i.e.AbstractTransferListenerAdapter - Downloaded https://repo.maven.apache.org/maven2/org/springframework/spring-beans/5.3.20/spring-beans-5.3.20.pom
2024-04-12 11:47:33,601 [Worker-28: Building] INFO  o.e.m.c.i.e.AbstractTransferListenerAdapter - Downloading https://repo.maven.apache.org/maven2/org/springframework/spring-core/5.3.20/spring-core-5.3.20.pom
2024-04-12 11:47:33,630 [Worker-28: Building] INFO  o.e.m.c.i.e.AbstractTransferListenerAdapter - Downloaded https://repo.maven.apache.org/maven2/org/springframework/spring-core/5.3.20/spring-core-5.3.20.pom
2024-04-12 11:47:33,734 [Worker-28: Building] INFO  o.e.m.c.i.e.AbstractTransferListenerAdapter - Downloading https://repo.maven.apache.org/maven2/org/springframework/spring-jcl/5.3.20/spring-jcl-5.3.20.pom
2024-04-12 11:47:33,769 [Worker-28: Building] INFO  o.e.m.c.i.e.AbstractTransferListenerAdapter - Downloaded https://repo.maven.apache.org/maven2/org/springframework/spring-jcl/5.3.20/spring-jcl-5.3.20.pom
2024-04-12 11:47:33,877 [Worker-28: Building] INFO  o.e.m.c.i.e.AbstractTransferListenerAdapter - Downloading https://repo.maven.apache.org/maven2/org/springframework/spring-expression/5.3.20/spring-expression-5.3.20.pom
2024-04-12 11:47:33,896 [Worker-28: Building] INFO  o.e.m.c.i.e.AbstractTransferListenerAdapter - Downloaded https://repo.maven.apache.org/maven2/org/springframework/spring-expression/5.3.20/spring-expression-5.3.20.pom
2024-04-12 11:47:34,011 [Worker-28: Building] INFO  o.e.m.c.i.e.AbstractTransferListenerAdapter - Downloading https://repo.maven.apache.org/maven2/org/springframework/spring-context/5.3.20/spring-context-5.3.20.jar
2024-04-12 11:47:35,363 [Worker-28: Building] INFO  o.e.m.c.i.e.AbstractTransferListenerAdapter - Downloaded https://repo.maven.apache.org/maven2/org/springframework/spring-context/5.3.20/spring-context-5.3.20.jar
2024-04-12 11:47:35,462 [BasicRepositoryConnector-repo.maven.apache.org-0-1] INFO  o.e.m.c.i.e.AbstractTransferListenerAdapter - Downloading https://repo.maven.apache.org/maven2/org/springframework/spring-beans/5.3.20/spring-beans-5.3.20.jar
2024-04-12 11:47:35,641 [BasicRepositoryConnector-repo.maven.apache.org-0-2] INFO  o.e.m.c.i.e.AbstractTransferListenerAdapter - Downloading https://repo.maven.apache.org/maven2/org/springframework/spring-core/5.3.20/spring-core-5.3.20.jar
2024-04-12 11:47:35,645 [BasicRepositoryConnector-repo.maven.apache.org-0-3] INFO  o.e.m.c.i.e.AbstractTransferListenerAdapter - Downloading https://repo.maven.apache.org/maven2/org/springframework/spring-jcl/5.3.20/spring-jcl-5.3.20.jar
2024-04-12 11:47:35,654 [BasicRepositoryConnector-repo.maven.apache.org-0-4] INFO  o.e.m.c.i.e.AbstractTransferListenerAdapter - Downloading https://repo.maven.apache.org/maven2/org/springframework/spring-expression/5.3.20/spring-expression-5.3.20.jar
2024-04-12 11:47:35,662 [BasicRepositoryConnector-repo.maven.apache.org-0-0] INFO  o.e.m.c.i.e.AbstractTransferListenerAdapter - Downloading https://repo.maven.apache.org/maven2/org/springframework/spring-aop/5.3.20/spring-aop-5.3.20.jar
2024-04-12 11:47:35,726 [BasicRepositoryConnector-repo.maven.apache.org-0-3] INFO  o.e.m.c.i.e.AbstractTransferListenerAdapter - Downloaded https://repo.maven.apache.org/maven2/org/springframework/spring-jcl/5.3.20/spring-jcl-5.3.20.jar
2024-04-12 11:47:35,831 [BasicRepositoryConnector-repo.maven.apache.org-0-1] INFO  o.e.m.c.i.e.AbstractTransferListenerAdapter - Downloaded https://repo.maven.apache.org/maven2/org/springframework/spring-beans/5.3.20/spring-beans-5.3.20.jar
2024-04-12 11:47:36,146 [BasicRepositoryConnector-repo.maven.apache.org-0-4] INFO  o.e.m.c.i.e.AbstractTransferListenerAdapter - Downloaded https://repo.maven.apache.org/maven2/org/springframework/spring-expression/5.3.20/spring-expression-5.3.20.jar
2024-04-12 11:47:36,250 [BasicRepositoryConnector-repo.maven.apache.org-0-0] INFO  o.e.m.c.i.e.AbstractTransferListenerAdapter - Downloaded https://repo.maven.apache.org/maven2/org/springframework/spring-aop/5.3.20/spring-aop-5.3.20.jar
2024-04-12 11:47:37,075 [BasicRepositoryConnector-repo.maven.apache.org-0-2] INFO  o.e.m.c.i.e.AbstractTransferListenerAdapter - Downloaded https://repo.maven.apache.org/maven2/org/springframework/spring-core/5.3.20/spring-core-5.3.20.jar
2024-04-12 11:47:37,537 [Worker-28: Building] INFO  o.a.m.s.f.DefaultMavenResourcesFiltering - Copying 0 resource from src\main\resources to target\classes
2024-04-12 11:47:37,546 [Worker-28: Building] INFO  o.a.m.s.f.DefaultMavenResourcesFiltering - skip non existing resourceDirectory C:\Users\rishikesh.kulkarni\Documents\Practice Exercises\Spring Hands-on Mastery - S1\D01P01\src\test\resources
2024-04-12 11:47:38,581 [Worker-29: Download sources and javadoc] INFO  o.e.m.c.i.e.AbstractTransferListenerAdapter - Downloading https://repo.maven.apache.org/maven2/org/springframework/spring-context/5.3.20/spring-context-5.3.20-sources.jar
2024-04-12 11:47:39,749 [Worker-28: Building] INFO  o.a.m.s.f.DefaultMavenResourcesFiltering - Copying 1 resource from src\main\resources to target\classes
2024-04-12 11:47:39,770 [Worker-28: Building] INFO  o.a.m.s.f.DefaultMavenResourcesFiltering - skip non existing resourceDirectory C:\Users\rishikesh.kulkarni\Documents\Practice Exercises\Spring Hands-on Mastery - S1\D01P01\src\test\resources
2024-04-12 11:47:40,293 [Worker-29: Download sources and javadoc] INFO  o.e.m.c.i.e.AbstractTransferListenerAdapter - Downloaded https://repo.maven.apache.org/maven2/org/springframework/spring-context/5.3.20/spring-context-5.3.20-sources.jar
2024-04-12 11:47:40,318 [Worker-29: Download sources and javadoc] INFO  o.e.m.j.internal.DownloadSourcesJob - Downloaded sources for org.springframework:spring-context:5.3.20
2024-04-12 11:47:40,747 [Worker-29: Download sources and javadoc] INFO  o.e.m.c.i.e.AbstractTransferListenerAdapter - Downloading https://repo.maven.apache.org/maven2/org/springframework/spring-aop/5.3.20/spring-aop-5.3.20-sources.jar
2024-04-12 11:47:41,602 [Worker-29: Download sources and javadoc] INFO  o.e.m.c.i.e.AbstractTransferListenerAdapter - Downloaded https://repo.maven.apache.org/maven2/org/springframework/spring-aop/5.3.20/spring-aop-5.3.20-sources.jar
2024-04-12 11:47:41,654 [Worker-29: Download sources and javadoc] INFO  o.e.m.j.internal.DownloadSourcesJob - Downloaded sources for org.springframework:spring-aop:5.3.20
2024-04-12 11:47:42,025 [Worker-29: Download sources and javadoc] INFO  o.e.m.c.i.e.AbstractTransferListenerAdapter - Downloading https://repo.maven.apache.org/maven2/org/springframework/spring-beans/5.3.20/spring-beans-5.3.20-sources.jar
2024-04-12 11:47:42,997 [Worker-29: Download sources and javadoc] INFO  o.e.m.c.i.e.AbstractTransferListenerAdapter - Downloaded https://repo.maven.apache.org/maven2/org/springframework/spring-beans/5.3.20/spring-beans-5.3.20-sources.jar
2024-04-12 11:47:43,016 [Worker-29: Download sources and javadoc] INFO  o.e.m.j.internal.DownloadSourcesJob - Downloaded sources for org.springframework:spring-beans:5.3.20
2024-04-12 11:47:43,313 [Worker-29: Download sources and javadoc] INFO  o.e.m.c.i.e.AbstractTransferListenerAdapter - Downloading https://repo.maven.apache.org/maven2/org/springframework/spring-core/5.3.20/spring-core-5.3.20-sources.jar
2024-04-12 11:47:44,500 [Worker-29: Download sources and javadoc] INFO  o.e.m.c.i.e.AbstractTransferListenerAdapter - Downloaded https://repo.maven.apache.org/maven2/org/springframework/spring-core/5.3.20/spring-core-5.3.20-sources.jar
2024-04-12 11:47:44,511 [Worker-29: Download sources and javadoc] INFO  o.e.m.j.internal.DownloadSourcesJob - Downloaded sources for org.springframework:spring-core:5.3.20
2024-04-12 11:47:44,791 [Worker-29: Download sources and javadoc] INFO  o.e.m.c.i.e.AbstractTransferListenerAdapter - Downloading https://repo.maven.apache.org/maven2/org/springframework/spring-jcl/5.3.20/spring-jcl-5.3.20-sources.jar
2024-04-12 11:47:44,869 [Worker-29: Download sources and javadoc] INFO  o.e.m.c.i.e.AbstractTransferListenerAdapter - Downloaded https://repo.maven.apache.org/maven2/org/springframework/spring-jcl/5.3.20/spring-jcl-5.3.20-sources.jar
2024-04-12 11:47:44,888 [Worker-29: Download sources and javadoc] INFO  o.e.m.j.internal.DownloadSourcesJob - Downloaded sources for org.springframework:spring-jcl:5.3.20
2024-04-12 11:47:45,160 [Worker-29: Download sources and javadoc] INFO  o.e.m.c.i.e.AbstractTransferListenerAdapter - Downloading https://repo.maven.apache.org/maven2/org/springframework/spring-expression/5.3.20/spring-expression-5.3.20-sources.jar
2024-04-12 11:47:45,571 [Worker-29: Download sources and javadoc] INFO  o.e.m.c.i.e.AbstractTransferListenerAdapter - Downloaded https://repo.maven.apache.org/maven2/org/springframework/spring-expression/5.3.20/spring-expression-5.3.20-sources.jar
2024-04-12 11:47:45,587 [Worker-29: Download sources and javadoc] INFO  o.e.m.j.internal.DownloadSourcesJob - Downloaded sources for org.springframework:spring-expression:5.3.20
2024-04-12 11:48:10,927 [Worker-27: Building] INFO  o.e.m.c.i.l.LifecycleMappingFactory - Using org.eclipse.m2e.jdt.JarLifecycleMapping lifecycle mapping for MavenProject: com.example:D01P01:0.0.1-SNAPSHOT @ C:\Users\rishikesh.kulkarni\Documents\Practice Exercises\Spring Hands-on Mastery - S1\D01P01\pom.xml.
2024-04-12 11:48:11,323 [Worker-27: Building] INFO  o.a.m.s.f.DefaultMavenResourcesFiltering - Copying 0 resource from src\main\resources to target\classes
2024-04-12 11:48:11,329 [Worker-27: Building] INFO  o.a.m.s.f.DefaultMavenResourcesFiltering - skip non existing resourceDirectory C:\Users\rishikesh.kulkarni\Documents\Practice Exercises\Spring Hands-on Mastery - S1\D01P01\src\test\resources
2024-04-12 11:48:15,001 [Worker-22: Building] INFO  o.a.m.s.f.DefaultMavenResourcesFiltering - Copying 1 resource from src\main\resources to target\classes
2024-04-12 11:48:15,010 [Worker-22: Building] INFO  o.a.m.s.f.DefaultMavenResourcesFiltering - skip non existing resourceDirectory C:\Users\rishikesh.kulkarni\Documents\Practice Exercises\Spring Hands-on Mastery - S1\D01P01\src\test\resources
2024-04-12 11:48:19,638 [Worker-29: Building] INFO  o.a.m.s.f.DefaultMavenResourcesFiltering - Copying 1 resource from src\main\resources to target\classes
2024-04-12 11:48:19,647 [Worker-29: Building] INFO  o.a.m.s.f.DefaultMavenResourcesFiltering - skip non existing resourceDirectory C:\Users\rishikesh.kulkarni\Documents\Practice Exercises\Spring Hands-on Mastery - S1\D01P01\src\test\resources
2024-04-12 11:48:44,033 [Worker-29: Building] INFO  o.a.m.s.f.DefaultMavenResourcesFiltering - Copying 1 resource from src\main\resources to target\classes
2024-04-12 11:48:44,040 [Worker-29: Building] INFO  o.a.m.s.f.DefaultMavenResourcesFiltering - skip non existing resourceDirectory C:\Users\rishikesh.kulkarni\Documents\Practice Exercises\Spring Hands-on Mastery - S1\D01P01\src\test\resources
2024-04-12 13:03:30,353 [Worker-39: Building] INFO  o.a.m.s.f.DefaultMavenResourcesFiltering - Copying 1 resource from src\main\resources to target\classes
2024-04-12 13:03:30,358 [Worker-39: Building] INFO  o.a.m.s.f.DefaultMavenResourcesFiltering - skip non existing resourceDirectory C:\Users\rishikesh.kulkarni\Documents\Practice Exercises\Spring Hands-on Mastery - S1\D01P01\src\test\resources
